#
# There is insufficient memory for the Java Runtime Environment to continue.
# Native memory allocation (malloc) failed to allocate 659840 bytes for Chunk::new
# Possible reasons:
#   The system is out of physical RAM or swap space
#   The process is running with CompressedOops enabled, and the Java Heap may be blocking the growth of the native heap
# Possible solutions:
#   Reduce memory load on the system
#   Increase physical memory or swap space
#   Check if swap backing store is full
#   Decrease Java heap size (-Xmx/-Xms)
#   Decrease number of Java threads
#   Decrease Java thread stack sizes (-Xss)
#   Set larger code cache with -XX:ReservedCodeCacheSize=
#   JVM is running with Unscaled Compressed Oops mode in which the Java heap is
#     placed in the first 4GB address space. The Java Heap base address is the
#     maximum limit for the native heap growth. Please use -XX:HeapBaseMinAddress
#     to set the Java Heap base and to place the Java Heap above 4GB virtual address.
# This output file may be truncated or incomplete.
#
#  Out of Memory Error (arena.cpp:189), pid=10740, tid=1552
#
# JRE version: Java(TM) SE Runtime Environment (17.0.8+9) (build 17.0.8+9-LTS-211)
# Java VM: Java HotSpot(TM) 64-Bit Server VM (17.0.8+9-LTS-211, mixed mode, sharing, tiered, compressed oops, compressed class ptrs, g1 gc, windows-amd64)
# No core dump will be written. Minidumps are not enabled by default on client versions of Windows
#

---------------  S U M M A R Y ------------

Command Line: --add-opens=java.base/java.util.concurrent.atomic=ALL-UNNAMED -XX:MaxMetaspaceSize=384m -XX:+HeapDumpOnOutOfMemoryError --add-opens=java.base/java.util=ALL-UNNAMED --add-opens=java.base/java.lang=ALL-UNNAMED --add-opens=java.base/java.lang.invoke=ALL-UNNAMED --add-opens=java.prefs/java.util.prefs=ALL-UNNAMED --add-opens=java.base/java.nio.charset=ALL-UNNAMED --add-opens=java.base/java.net=ALL-UNNAMED --add-opens=java.base/java.util.concurrent.atomic=ALL-UNNAMED -Xms256m -Xmx512m -Dfile.encoding=windows-1251 -Duser.country=RU -Duser.language=ru -Duser.variant -javaagent:C:\Users\Acer Nitro 5\.gradle\wrapper\dists\gradle-8.2.1-bin\5hap6b9n41hkg4jeh2au2pllh\gradle-8.2.1\lib\agents\gradle-instrumentation-agent-8.2.1.jar org.gradle.launcher.daemon.bootstrap.GradleDaemon 8.2.1

Host: Intel(R) Core(TM) i5-8300H CPU @ 2.30GHz, 8 cores, 15G,  Windows 11 , 64 bit Build 22621 (10.0.22621.2070)
Time: Wed Sep 20 23:02:46 2023  Windows 11 , 64 bit Build 22621 (10.0.22621.2070) elapsed time: 9.661862 seconds (0d 0h 0m 9s)

---------------  T H R E A D  ---------------

Current thread (0x000001e24d7618b0):  JavaThread "C2 CompilerThread1" daemon [_thread_in_native, id=1552, stack(0x0000004b21300000,0x0000004b21400000)]


Current CompileTask:
C2:   9661 10554   !   4       com.sun.beans.TypeResolver::resolve (261 bytes)

Stack: [0x0000004b21300000,0x0000004b21400000]
Native frames: (J=compiled Java code, j=interpreted, Vv=VM code, C=native code)
V  [jvm.dll+0x677d0a]
V  [jvm.dll+0x7d8c54]
V  [jvm.dll+0x7da3fe]
V  [jvm.dll+0x7daa63]
V  [jvm.dll+0x245c5f]
V  [jvm.dll+0xaaa6b]
V  [jvm.dll+0xab00c]
V  [jvm.dll+0x361e8e]
V  [jvm.dll+0x1bb504]
V  [jvm.dll+0x218157]
V  [jvm.dll+0x217431]
V  [jvm.dll+0x1a3af0]
V  [jvm.dll+0x2270be]
V  [jvm.dll+0x22535b]
V  [jvm.dll+0x78e7bc]
V  [jvm.dll+0x788bba]
V  [jvm.dll+0x676b35]
C  [ucrtbase.dll+0x29363]
C  [KERNEL32.DLL+0x126ad]
C  [ntdll.dll+0x5aa68]


---------------  P R O C E S S  ---------------

Threads class SMR info:
_java_thread_list=0x000001e269f8a1d0, length=139, elements={
0x000001e230b74940, 0x000001e24d3addf0, 0x000001e24d3aeac0, 0x000001e24d3c8be0,
0x000001e24d3c95a0, 0x000001e24d3cbe70, 0x000001e24d3cc730, 0x000001e24d3db100,
0x000001e24d3dbab0, 0x000001e24d3dc7c0, 0x000001e24d39aa10, 0x000001e24d69df00,
0x000001e24d7618b0, 0x000001e24d761dc0, 0x000001e2690bcc70, 0x000001e26839b080,
0x000001e268d561c0, 0x000001e269861ae0, 0x000001e2682c0090, 0x000001e268316c80,
0x000001e2683ca120, 0x000001e268c23d00, 0x000001e268977a00, 0x000001e2689783a0,
0x000001e268979bb0, 0x000001e268979210, 0x000001e268978d40, 0x000001e268978870,
0x000001e2689796e0, 0x000001e26897a080, 0x000001e26897a550, 0x000001e268977ed0,
0x000001e26897aa20, 0x000001e268977060, 0x000001e2688f2870, 0x000001e2688f4080,
0x000001e2688eeeb0, 0x000001e2688ee9e0, 0x000001e2688f23a0, 0x000001e2688f1530,
0x000001e2688ef850, 0x000001e2688efd20, 0x000001e2688ef380, 0x000001e2688f4ef0,
0x000001e2688f1a00, 0x000001e2688f36e0, 0x000001e2688ee510, 0x000001e2688f53c0,
0x000001e2688edb70, 0x000001e2688f2d40, 0x000001e2688f3210, 0x000001e2688f3bb0,
0x000001e2688ee040, 0x000001e26aca7840, 0x000001e26aca6500, 0x000001e26aca5b60,
0x000001e26aca81e0, 0x000001e26aca6030, 0x000001e26aca7d10, 0x000001e26aca69d0,
0x000001e26aca86b0, 0x000001e26aca8b80, 0x000001e26aca5690, 0x000001e26acabba0,
0x000001e26acac540, 0x000001e26acaad30, 0x000001e26acaa860, 0x000001e26acab200,
0x000001e26aca6ea0, 0x000001e26aca99f0, 0x000001e26aca9ec0, 0x000001e26acaa390,
0x000001e26acaca10, 0x000001e26aca51c0, 0x000001e26a3a8e10, 0x000001e26a3acca0,
0x000001e26a3afcc0, 0x000001e26a3a92e0, 0x000001e26a3af320, 0x000001e26a3ab960,
0x000001e26a3b0190, 0x000001e26a3af7f0, 0x000001e26a3ac7d0, 0x000001e26a3ae4b0,
0x000001e26a3a8940, 0x000001e26a3a97b0, 0x000001e26a3adb10, 0x000001e26a3abe30,
0x000001e26a3a9c80, 0x000001e26a3aa150, 0x000001e26a3aaaf0, 0x000001e26a3aa620,
0x000001e26a3adfe0, 0x000001e26a3aafc0, 0x000001e26a3ab490, 0x000001e26a3ac300,
0x000001e26a3ad170, 0x000001e26a3ad640, 0x000001e26a3ae980, 0x000001e26a3aee50,
0x000001e26d8b9c90, 0x000001e26d8bccb0, 0x000001e26d8bfcd0, 0x000001e26d8b8950,
0x000001e26d8bd180, 0x000001e26d8be4c0, 0x000001e26d8bd650, 0x000001e26d8bdb20,
0x000001e26d8c01a0, 0x000001e26d8bc310, 0x000001e26d8bee60, 0x000001e26d8b97c0,
0x000001e26d8be990, 0x000001e26d8bc7e0, 0x000001e26d8bb4a0, 0x000001e26d8bb970,
0x000001e26d8b8e20, 0x000001e26d8b92f0, 0x000001e26d8bdff0, 0x000001e26d8bafd0,
0x000001e26d8ba160, 0x000001e26d8bf330, 0x000001e26d8bab00, 0x000001e26d8bf800,
0x000001e26c4783b0, 0x000001e26c47a560, 0x000001e26c477070, 0x000001e26c47b3d0,
0x000001e26c47df20, 0x000001e26c4796f0, 0x000001e26c479220, 0x000001e26c47da50,
0x000001e26c47e3f0, 0x000001e26c477540, 0x000001e26c47c710, 0x000001e26c47b8a0,
0x000001e26c47e8c0, 0x000001e26c47d580, 0x000001e26c47bd70
}

Java Threads: ( => current thread )
  0x000001e230b74940 JavaThread "main" [_thread_blocked, id=16368, stack(0x0000004b20000000,0x0000004b20100000)]
  0x000001e24d3addf0 JavaThread "Reference Handler" daemon [_thread_blocked, id=2756, stack(0x0000004b20700000,0x0000004b20800000)]
  0x000001e24d3aeac0 JavaThread "Finalizer" daemon [_thread_blocked, id=8232, stack(0x0000004b20800000,0x0000004b20900000)]
  0x000001e24d3c8be0 JavaThread "Signal Dispatcher" daemon [_thread_blocked, id=1120, stack(0x0000004b20900000,0x0000004b20a00000)]
  0x000001e24d3c95a0 JavaThread "Attach Listener" daemon [_thread_blocked, id=15680, stack(0x0000004b20a00000,0x0000004b20b00000)]
  0x000001e24d3cbe70 JavaThread "Service Thread" daemon [_thread_blocked, id=4072, stack(0x0000004b20b00000,0x0000004b20c00000)]
  0x000001e24d3cc730 JavaThread "Monitor Deflation Thread" daemon [_thread_blocked, id=11148, stack(0x0000004b20c00000,0x0000004b20d00000)]
  0x000001e24d3db100 JavaThread "C2 CompilerThread0" daemon [_thread_in_native, id=14948, stack(0x0000004b20d00000,0x0000004b20e00000)]
  0x000001e24d3dbab0 JavaThread "C1 CompilerThread0" daemon [_thread_in_native, id=7732, stack(0x0000004b20e00000,0x0000004b20f00000)]
  0x000001e24d3dc7c0 JavaThread "Sweeper thread" daemon [_thread_blocked, id=17072, stack(0x0000004b20f00000,0x0000004b21000000)]
  0x000001e24d39aa10 JavaThread "Common-Cleaner" daemon [_thread_blocked, id=2940, stack(0x0000004b21000000,0x0000004b21100000)]
  0x000001e24d69df00 JavaThread "Notification Thread" daemon [_thread_blocked, id=7968, stack(0x0000004b21100000,0x0000004b21200000)]
=>0x000001e24d7618b0 JavaThread "C2 CompilerThread1" daemon [_thread_in_native, id=1552, stack(0x0000004b21300000,0x0000004b21400000)]
  0x000001e24d761dc0 JavaThread "C2 CompilerThread2" daemon [_thread_in_native, id=18476, stack(0x0000004b21400000,0x0000004b21500000)]
  0x000001e2690bcc70 JavaThread "Daemon health stats" [_thread_blocked, id=16448, stack(0x0000004b21a00000,0x0000004b21b00000)]
  0x000001e26839b080 JavaThread "Incoming local TCP Connector on port 50320" [_thread_in_native, id=17504, stack(0x0000004b21b00000,0x0000004b21c00000)]
  0x000001e268d561c0 JavaThread "Daemon periodic checks" [_thread_blocked, id=3460, stack(0x0000004b21c00000,0x0000004b21d00000)]
  0x000001e269861ae0 JavaThread "Daemon" [_thread_blocked, id=3972, stack(0x0000004b21d00000,0x0000004b21e00000)]
  0x000001e2682c0090 JavaThread "Handler for socket connection from /127.0.0.1:50320 to /127.0.0.1:50321" [_thread_in_native, id=15964, stack(0x0000004b21e00000,0x0000004b21f00000)]
  0x000001e268316c80 JavaThread "Cancel handler" [_thread_blocked, id=19900, stack(0x0000004b21f00000,0x0000004b22000000)]
  0x000001e2683ca120 JavaThread "Daemon worker" [_thread_blocked, id=9768, stack(0x0000004b22000000,0x0000004b22100000)]
  0x000001e268c23d00 JavaThread "Asynchronous log dispatcher for DefaultDaemonConnection: socket connection from /127.0.0.1:50320 to /127.0.0.1:50321" [_thread_in_vm, id=18976, stack(0x0000004b22100000,0x0000004b22200000)]
  0x000001e268977a00 JavaThread "Stdin handler" [_thread_blocked, id=11016, stack(0x0000004b22200000,0x0000004b22300000)]
  0x000001e2689783a0 JavaThread "Daemon client event forwarder" [_thread_blocked, id=8944, stack(0x0000004b22300000,0x0000004b22400000)]
  0x000001e268979bb0 JavaThread "Cache worker for journal cache (C:\Users\Acer Nitro 5\.gradle\caches\journal-1)" [_thread_blocked, id=16148, stack(0x0000004b22400000,0x0000004b22500000)]
  0x000001e268979210 JavaThread "File lock request listener" [_thread_in_native, id=7020, stack(0x0000004b22500000,0x0000004b22600000)]
  0x000001e268978d40 JavaThread "Cache worker for file hash cache (C:\Users\Acer Nitro 5\.gradle\caches\8.2.1\fileHashes)" [_thread_blocked, id=13100, stack(0x0000004b22600000,0x0000004b22700000)]
  0x000001e268978870 JavaThread "File watcher server" daemon [_thread_in_native, id=4356, stack(0x0000004b22700000,0x0000004b22800000)]
  0x000001e2689796e0 JavaThread "File watcher consumer" daemon [_thread_blocked, id=14736, stack(0x0000004b22800000,0x0000004b22900000)]
  0x000001e26897a080 JavaThread "Cache worker for checksums cache (C:\Users\Acer Nitro 5\IdeaProjects\springMVC2\.gradle\8.2.1\checksums)" [_thread_blocked, id=12632, stack(0x0000004b22900000,0x0000004b22a00000)]
  0x000001e26897a550 JavaThread "Cache worker for cache directory md-rule (C:\Users\Acer Nitro 5\.gradle\caches\8.2.1\md-rule)" [_thread_blocked, id=9912, stack(0x0000004b22a00000,0x0000004b22b00000)]
  0x000001e268977ed0 JavaThread "Cache worker for file content cache (C:\Users\Acer Nitro 5\.gradle\caches\8.2.1\fileContent)" [_thread_blocked, id=16016, stack(0x0000004b22b00000,0x0000004b22c00000)]
  0x000001e26897aa20 JavaThread "Cache worker for file hash cache (C:\Users\Acer Nitro 5\IdeaProjects\springMVC2\.gradle\8.2.1\fileHashes)" [_thread_blocked, id=13560, stack(0x0000004b22f00000,0x0000004b23000000)]
  0x000001e268977060 JavaThread "Cache worker for cache directory md-supplier (C:\Users\Acer Nitro 5\.gradle\caches\8.2.1\md-supplier)" [_thread_blocked, id=8820, stack(0x0000004b23000000,0x0000004b23100000)]
  0x000001e2688f2870 JavaThread "Cache worker for execution history cache (C:\Users\Acer Nitro 5\.gradle\caches\8.2.1\executionHistory)" [_thread_blocked, id=17256, stack(0x0000004b23100000,0x0000004b23200000)]
  0x000001e2688f4080 JavaThread "jar transforms" [_thread_blocked, id=2676, stack(0x0000004b23200000,0x0000004b23300000)]
  0x000001e2688eeeb0 JavaThread "jar transforms Thread 2" [_thread_blocked, id=11440, stack(0x0000004b23300000,0x0000004b23400000)]
  0x000001e2688ee9e0 JavaThread "jar transforms Thread 3" [_thread_blocked, id=9000, stack(0x0000004b23400000,0x0000004b23500000)]
  0x000001e2688f23a0 JavaThread "jar transforms Thread 4" [_thread_blocked, id=17044, stack(0x0000004b23500000,0x0000004b23600000)]
  0x000001e2688f1530 JavaThread "jar transforms Thread 5" [_thread_blocked, id=2164, stack(0x0000004b23600000,0x0000004b23700000)]
  0x000001e2688ef850 JavaThread "jar transforms Thread 6" [_thread_blocked, id=14752, stack(0x0000004b23700000,0x0000004b23800000)]
  0x000001e2688efd20 JavaThread "jar transforms Thread 7" [_thread_blocked, id=10524, stack(0x0000004b23800000,0x0000004b23900000)]
  0x000001e2688ef380 JavaThread "jar transforms Thread 8" [_thread_blocked, id=16136, stack(0x0000004b23900000,0x0000004b23a00000)]
  0x000001e2688f4ef0 JavaThread "Cache worker for dependencies-accessors (C:\Users\Acer Nitro 5\IdeaProjects\springMVC2\.gradle\8.2.1\dependencies-accessors)" [_thread_blocked, id=1724, stack(0x0000004b23a00000,0x0000004b23b00000)]
  0x000001e2688f1a00 JavaThread "Cache worker for Build Output Cleanup Cache (C:\Users\Acer Nitro 5\IdeaProjects\springMVC2\.gradle\buildOutputCleanup)" [_thread_blocked, id=3892, stack(0x0000004b23b00000,0x0000004b23c00000)]
  0x000001e2688f36e0 JavaThread "Unconstrained build operations" [_thread_blocked, id=12124, stack(0x0000004b23c00000,0x0000004b23d00000)]
  0x000001e2688ee510 JavaThread "Unconstrained build operations Thread 2" [_thread_blocked, id=20468, stack(0x0000004b23d00000,0x0000004b23e00000)]
  0x000001e2688f53c0 JavaThread "Unconstrained build operations Thread 3" [_thread_blocked, id=7560, stack(0x0000004b23e00000,0x0000004b23f00000)]
  0x000001e2688edb70 JavaThread "Unconstrained build operations Thread 4" [_thread_blocked, id=6740, stack(0x0000004b23f00000,0x0000004b24000000)]
  0x000001e2688f2d40 JavaThread "Unconstrained build operations Thread 5" [_thread_blocked, id=208, stack(0x0000004b24000000,0x0000004b24100000)]
  0x000001e2688f3210 JavaThread "Unconstrained build operations Thread 6" [_thread_blocked, id=16140, stack(0x0000004b24100000,0x0000004b24200000)]
  0x000001e2688f3bb0 JavaThread "Unconstrained build operations Thread 7" [_thread_blocked, id=18240, stack(0x0000004b24200000,0x0000004b24300000)]
  0x000001e2688ee040 JavaThread "Memory manager" [_thread_blocked, id=11816, stack(0x0000004b24800000,0x0000004b24900000)]
  0x000001e26aca7840 JavaThread "included builds" [_thread_blocked, id=1332, stack(0x0000004b24900000,0x0000004b24a00000)]
  0x000001e26aca6500 JavaThread "Execution worker" [_thread_in_vm, id=1696, stack(0x0000004b24a00000,0x0000004b24b00000)]
  0x000001e26aca5b60 JavaThread "Execution worker Thread 2" [_thread_blocked, id=15464, stack(0x0000004b24b00000,0x0000004b24c00000)]
  0x000001e26aca81e0 JavaThread "Execution worker Thread 3" [_thread_blocked, id=11468, stack(0x0000004b24c00000,0x0000004b24d00000)]
  0x000001e26aca6030 JavaThread "Execution worker Thread 4" [_thread_blocked, id=17148, stack(0x0000004b24d00000,0x0000004b24e00000)]
  0x000001e26aca7d10 JavaThread "Execution worker Thread 5" [_thread_blocked, id=8772, stack(0x0000004b24e00000,0x0000004b24f00000)]
  0x000001e26aca69d0 JavaThread "Execution worker Thread 6" [_thread_blocked, id=1852, stack(0x0000004b24f00000,0x0000004b25000000)]
  0x000001e26aca86b0 JavaThread "Execution worker Thread 7" [_thread_blocked, id=18184, stack(0x0000004b25000000,0x0000004b25100000)]
  0x000001e26aca8b80 JavaThread "Cache worker for execution history cache (C:\Users\Acer Nitro 5\IdeaProjects\springMVC2\.gradle\8.2.1\executionHistory)" [_thread_blocked, id=19176, stack(0x0000004b25100000,0x0000004b25200000)]
  0x000001e26aca5690 JavaThread "Unconstrained build operations Thread 8" [_thread_blocked, id=4588, stack(0x0000004b25200000,0x0000004b25300000)]
  0x000001e26acabba0 JavaThread "Unconstrained build operations Thread 9" [_thread_blocked, id=10948, stack(0x0000004b25300000,0x0000004b25400000)]
  0x000001e26acac540 JavaThread "Unconstrained build operations Thread 10" [_thread_blocked, id=17564, stack(0x0000004b25400000,0x0000004b25500000)]
  0x000001e26acaad30 JavaThread "Unconstrained build operations Thread 11" [_thread_blocked, id=7912, stack(0x0000004b25500000,0x0000004b25600000)]
  0x000001e26acaa860 JavaThread "Unconstrained build operations Thread 12" [_thread_blocked, id=16048, stack(0x0000004b25600000,0x0000004b25700000)]
  0x000001e26acab200 JavaThread "Unconstrained build operations Thread 13" [_thread_blocked, id=11984, stack(0x0000004b25700000,0x0000004b25800000)]
  0x000001e26aca6ea0 JavaThread "Unconstrained build operations Thread 14" [_thread_blocked, id=18284, stack(0x0000004b25800000,0x0000004b25900000)]
  0x000001e26aca99f0 JavaThread "Unconstrained build operations Thread 15" [_thread_blocked, id=21124, stack(0x0000004b25900000,0x0000004b25a00000)]
  0x000001e26aca9ec0 JavaThread "Unconstrained build operations Thread 16" [_thread_blocked, id=472, stack(0x0000004b25a00000,0x0000004b25b00000)]
  0x000001e26acaa390 JavaThread "Unconstrained build operations Thread 17" [_thread_blocked, id=14836, stack(0x0000004b25b00000,0x0000004b25c00000)]
  0x000001e26acaca10 JavaThread "Unconstrained build operations Thread 18" [_thread_blocked, id=14808, stack(0x0000004b25c00000,0x0000004b25d00000)]
  0x000001e26aca51c0 JavaThread "Unconstrained build operations Thread 19" [_thread_blocked, id=18428, stack(0x0000004b25d00000,0x0000004b25e00000)]
  0x000001e26a3a8e10 JavaThread "Unconstrained build operations Thread 20" [_thread_blocked, id=9952, stack(0x0000004b25e00000,0x0000004b25f00000)]
  0x000001e26a3acca0 JavaThread "Unconstrained build operations Thread 21" [_thread_blocked, id=7500, stack(0x0000004b25f00000,0x0000004b26000000)]
  0x000001e26a3afcc0 JavaThread "Unconstrained build operations Thread 22" [_thread_blocked, id=20080, stack(0x0000004b26000000,0x0000004b26100000)]
  0x000001e26a3a92e0 JavaThread "Unconstrained build operations Thread 23" [_thread_blocked, id=8636, stack(0x0000004b26100000,0x0000004b26200000)]
  0x000001e26a3af320 JavaThread "Unconstrained build operations Thread 24" [_thread_blocked, id=9712, stack(0x0000004b26200000,0x0000004b26300000)]
  0x000001e26a3ab960 JavaThread "Unconstrained build operations Thread 25" [_thread_blocked, id=3488, stack(0x0000004b26300000,0x0000004b26400000)]
  0x000001e26a3b0190 JavaThread "Unconstrained build operations Thread 26" [_thread_blocked, id=9404, stack(0x0000004b26400000,0x0000004b26500000)]
  0x000001e26a3af7f0 JavaThread "Unconstrained build operations Thread 27" [_thread_blocked, id=17996, stack(0x0000004b26500000,0x0000004b26600000)]
  0x000001e26a3ac7d0 JavaThread "Unconstrained build operations Thread 28" [_thread_blocked, id=7696, stack(0x0000004b26600000,0x0000004b26700000)]
  0x000001e26a3ae4b0 JavaThread "Unconstrained build operations Thread 29" [_thread_blocked, id=15460, stack(0x0000004b26700000,0x0000004b26800000)]
  0x000001e26a3a8940 JavaThread "Unconstrained build operations Thread 30" [_thread_blocked, id=16548, stack(0x0000004b26800000,0x0000004b26900000)]
  0x000001e26a3a97b0 JavaThread "Unconstrained build operations Thread 31" [_thread_blocked, id=9848, stack(0x0000004b26900000,0x0000004b26a00000)]
  0x000001e26a3adb10 JavaThread "Unconstrained build operations Thread 32" [_thread_blocked, id=10688, stack(0x0000004b26a00000,0x0000004b26b00000)]
  0x000001e26a3abe30 JavaThread "Unconstrained build operations Thread 33" [_thread_blocked, id=14760, stack(0x0000004b26b00000,0x0000004b26c00000)]
  0x000001e26a3a9c80 JavaThread "Unconstrained build operations Thread 34" [_thread_blocked, id=356, stack(0x0000004b26c00000,0x0000004b26d00000)]
  0x000001e26a3aa150 JavaThread "Unconstrained build operations Thread 35" [_thread_blocked, id=14032, stack(0x0000004b26d00000,0x0000004b26e00000)]
  0x000001e26a3aaaf0 JavaThread "Unconstrained build operations Thread 36" [_thread_blocked, id=19152, stack(0x0000004b26e00000,0x0000004b26f00000)]
  0x000001e26a3aa620 JavaThread "Unconstrained build operations Thread 37" [_thread_blocked, id=14864, stack(0x0000004b26f00000,0x0000004b27000000)]
  0x000001e26a3adfe0 JavaThread "Unconstrained build operations Thread 38" [_thread_blocked, id=8320, stack(0x0000004b27000000,0x0000004b27100000)]
  0x000001e26a3aafc0 JavaThread "Unconstrained build operations Thread 39" [_thread_blocked, id=15152, stack(0x0000004b27100000,0x0000004b27200000)]
  0x000001e26a3ab490 JavaThread "Unconstrained build operations Thread 40" [_thread_blocked, id=12656, stack(0x0000004b27200000,0x0000004b27300000)]
  0x000001e26a3ac300 JavaThread "Unconstrained build operations Thread 41" [_thread_blocked, id=16340, stack(0x0000004b27300000,0x0000004b27400000)]
  0x000001e26a3ad170 JavaThread "Unconstrained build operations Thread 42" [_thread_blocked, id=17832, stack(0x0000004b27400000,0x0000004b27500000)]
  0x000001e26a3ad640 JavaThread "Unconstrained build operations Thread 43" [_thread_blocked, id=20672, stack(0x0000004b27500000,0x0000004b27600000)]
  0x000001e26a3ae980 JavaThread "Unconstrained build operations Thread 44" [_thread_blocked, id=9400, stack(0x0000004b27600000,0x0000004b27700000)]
  0x000001e26a3aee50 JavaThread "Unconstrained build operations Thread 45" [_thread_blocked, id=12980, stack(0x0000004b27700000,0x0000004b27800000)]
  0x000001e26d8b9c90 JavaThread "Unconstrained build operations Thread 46" [_thread_blocked, id=15016, stack(0x0000004b27800000,0x0000004b27900000)]
  0x000001e26d8bccb0 JavaThread "Unconstrained build operations Thread 47" [_thread_blocked, id=15244, stack(0x0000004b27900000,0x0000004b27a00000)]
  0x000001e26d8bfcd0 JavaThread "Unconstrained build operations Thread 48" [_thread_blocked, id=8912, stack(0x0000004b27a00000,0x0000004b27b00000)]
  0x000001e26d8b8950 JavaThread "Unconstrained build operations Thread 49" [_thread_blocked, id=1836, stack(0x0000004b27b00000,0x0000004b27c00000)]
  0x000001e26d8bd180 JavaThread "Unconstrained build operations Thread 50" [_thread_blocked, id=8548, stack(0x0000004b27c00000,0x0000004b27d00000)]
  0x000001e26d8be4c0 JavaThread "Unconstrained build operations Thread 51" [_thread_blocked, id=17144, stack(0x0000004b27d00000,0x0000004b27e00000)]
  0x000001e26d8bd650 JavaThread "Unconstrained build operations Thread 52" [_thread_blocked, id=10804, stack(0x0000004b27e00000,0x0000004b27f00000)]
  0x000001e26d8bdb20 JavaThread "Unconstrained build operations Thread 53" [_thread_blocked, id=11940, stack(0x0000004b27f00000,0x0000004b28000000)]
  0x000001e26d8c01a0 JavaThread "Unconstrained build operations Thread 54" [_thread_blocked, id=18512, stack(0x0000004b28000000,0x0000004b28100000)]
  0x000001e26d8bc310 JavaThread "Unconstrained build operations Thread 55" [_thread_blocked, id=20976, stack(0x0000004b28100000,0x0000004b28200000)]
  0x000001e26d8bee60 JavaThread "Unconstrained build operations Thread 56" [_thread_blocked, id=8420, stack(0x0000004b28200000,0x0000004b28300000)]
  0x000001e26d8b97c0 JavaThread "Unconstrained build operations Thread 57" [_thread_blocked, id=15864, stack(0x0000004b28300000,0x0000004b28400000)]
  0x000001e26d8be990 JavaThread "Unconstrained build operations Thread 58" [_thread_blocked, id=16844, stack(0x0000004b28400000,0x0000004b28500000)]
  0x000001e26d8bc7e0 JavaThread "Unconstrained build operations Thread 59" [_thread_blocked, id=17856, stack(0x0000004b28500000,0x0000004b28600000)]
  0x000001e26d8bb4a0 JavaThread "Unconstrained build operations Thread 60" [_thread_blocked, id=9696, stack(0x0000004b28600000,0x0000004b28700000)]
  0x000001e26d8bb970 JavaThread "Unconstrained build operations Thread 61" [_thread_blocked, id=2064, stack(0x0000004b28700000,0x0000004b28800000)]
  0x000001e26d8b8e20 JavaThread "Unconstrained build operations Thread 62" [_thread_blocked, id=17304, stack(0x0000004b28800000,0x0000004b28900000)]
  0x000001e26d8b92f0 JavaThread "Unconstrained build operations Thread 63" [_thread_blocked, id=21296, stack(0x0000004b28900000,0x0000004b28a00000)]
  0x000001e26d8bdff0 JavaThread "Unconstrained build operations Thread 64" [_thread_blocked, id=11000, stack(0x0000004b28a00000,0x0000004b28b00000)]
  0x000001e26d8bafd0 JavaThread "Unconstrained build operations Thread 65" [_thread_blocked, id=16756, stack(0x0000004b28b00000,0x0000004b28c00000)]
  0x000001e26d8ba160 JavaThread "Unconstrained build operations Thread 66" [_thread_blocked, id=8880, stack(0x0000004b28c00000,0x0000004b28d00000)]
  0x000001e26d8bf330 JavaThread "Unconstrained build operations Thread 67" [_thread_blocked, id=10120, stack(0x0000004b28d00000,0x0000004b28e00000)]
  0x000001e26d8bab00 JavaThread "Unconstrained build operations Thread 68" [_thread_blocked, id=8004, stack(0x0000004b28e00000,0x0000004b28f00000)]
  0x000001e26d8bf800 JavaThread "Unconstrained build operations Thread 69" [_thread_blocked, id=14112, stack(0x0000004b28f00000,0x0000004b29000000)]
  0x000001e26c4783b0 JavaThread "Unconstrained build operations Thread 70" [_thread_blocked, id=8544, stack(0x0000004b29000000,0x0000004b29100000)]
  0x000001e26c47a560 JavaThread "Unconstrained build operations Thread 71" [_thread_blocked, id=14576, stack(0x0000004b29100000,0x0000004b29200000)]
  0x000001e26c477070 JavaThread "Unconstrained build operations Thread 72" [_thread_blocked, id=19380, stack(0x0000004b29200000,0x0000004b29300000)]
  0x000001e26c47b3d0 JavaThread "Unconstrained build operations Thread 73" [_thread_blocked, id=10844, stack(0x0000004b29300000,0x0000004b29400000)]
  0x000001e26c47df20 JavaThread "Unconstrained build operations Thread 74" [_thread_blocked, id=4480, stack(0x0000004b29400000,0x0000004b29500000)]
  0x000001e26c4796f0 JavaThread "Unconstrained build operations Thread 75" [_thread_blocked, id=12968, stack(0x0000004b29500000,0x0000004b29600000)]
  0x000001e26c479220 JavaThread "Unconstrained build operations Thread 76" [_thread_blocked, id=10764, stack(0x0000004b29600000,0x0000004b29700000)]
  0x000001e26c47da50 JavaThread "Unconstrained build operations Thread 77" [_thread_blocked, id=7300, stack(0x0000004b29700000,0x0000004b29800000)]
  0x000001e26c47e3f0 JavaThread "Unconstrained build operations Thread 78" [_thread_blocked, id=5060, stack(0x0000004b29800000,0x0000004b29900000)]
  0x000001e26c477540 JavaThread "Unconstrained build operations Thread 79" [_thread_blocked, id=12128, stack(0x0000004b29900000,0x0000004b29a00000)]
  0x000001e26c47c710 JavaThread "Unconstrained build operations Thread 80" [_thread_blocked, id=16236, stack(0x0000004b29a00000,0x0000004b29b00000)]
  0x000001e26c47b8a0 JavaThread "Exec process" [_thread_blocked, id=10544, stack(0x0000004b29e00000,0x0000004b29f00000)]
  0x000001e26c47e8c0 JavaThread "Exec process Thread 2" [_thread_blocked, id=15656, stack(0x0000004b2a000000,0x0000004b2a100000)]
  0x000001e26c47d580 JavaThread "Exec process Thread 3" [_thread_blocked, id=16708, stack(0x0000004b2a100000,0x0000004b2a200000)]
  0x000001e26c47bd70 JavaThread "Exec process Thread 4" [_thread_blocked, id=6736, stack(0x0000004b2a200000,0x0000004b2a300000)]

Other Threads:
  0x000001e24d3a7430 VMThread "VM Thread" [stack: 0x0000004b20600000,0x0000004b20700000] [id=14520]
  0x000001e230bb30e0 WatcherThread [stack: 0x0000004b21200000,0x0000004b21300000] [id=13024]
  0x000001e230ba3fa0 GCTaskThread "GC Thread#0" [stack: 0x0000004b20100000,0x0000004b20200000] [id=6992]
  0x000001e26813d020 GCTaskThread "GC Thread#1" [stack: 0x0000004b21500000,0x0000004b21600000] [id=16932]
  0x000001e2678a2ab0 GCTaskThread "GC Thread#2" [stack: 0x0000004b21600000,0x0000004b21700000] [id=13472]
  0x000001e267ae16f0 GCTaskThread "GC Thread#3" [stack: 0x0000004b21700000,0x0000004b21800000] [id=9868]
  0x000001e2675a1de0 GCTaskThread "GC Thread#4" [stack: 0x0000004b21800000,0x0000004b21900000] [id=2832]
  0x000001e26744e3f0 GCTaskThread "GC Thread#5" [stack: 0x0000004b21900000,0x0000004b21a00000] [id=8424]
  0x000001e269109ef0 GCTaskThread "GC Thread#6" [stack: 0x0000004b22c00000,0x0000004b22d00000] [id=6912]
  0x000001e26910a1a0 GCTaskThread "GC Thread#7" [stack: 0x0000004b22d00000,0x0000004b22e00000] [id=14684]
  0x000001e230ba8d60 ConcurrentGCThread "G1 Main Marker" [stack: 0x0000004b20200000,0x0000004b20300000] [id=21360]
  0x000001e230ba9cc0 ConcurrentGCThread "G1 Conc#0" [stack: 0x0000004b20300000,0x0000004b20400000] [id=9884]
  0x000001e26910a9b0 ConcurrentGCThread "G1 Conc#1" [stack: 0x0000004b22e00000,0x0000004b22f00000] [id=516]
  0x000001e230c3cfe0 ConcurrentGCThread "G1 Refine#0" [stack: 0x0000004b20400000,0x0000004b20500000] [id=19824]
  0x000001e26c52a650 ConcurrentGCThread "G1 Refine#1" [stack: 0x0000004b24300000,0x0000004b24400000] [id=10112]
  0x000001e26c528c70 ConcurrentGCThread "G1 Refine#2" [stack: 0x0000004b24400000,0x0000004b24500000] [id=5436]
  0x000001e26c528f50 ConcurrentGCThread "G1 Refine#3" [stack: 0x0000004b24500000,0x0000004b24600000] [id=6332]
  0x000001e26c529230 ConcurrentGCThread "G1 Refine#4" [stack: 0x0000004b24600000,0x0000004b24700000] [id=7308]
  0x000001e26b7062f0 ConcurrentGCThread "G1 Refine#5" [stack: 0x0000004b24700000,0x0000004b24800000] [id=11820]
  0x000001e230c3d7b0 ConcurrentGCThread "G1 Service" [stack: 0x0000004b20500000,0x0000004b20600000] [id=8604]

Threads with active compile tasks:
C2 CompilerThread0     9714 10551       4       java.beans.Introspector::addMethod (196 bytes)
C1 CompilerThread0     9714 10682       2       org.gradle.internal.snapshot.SnapshotHierarchy::findSnapshot (38 bytes)
C2 CompilerThread1     9715 10554   !   4       com.sun.beans.TypeResolver::resolve (261 bytes)
C2 CompilerThread2     9715 10520       4       groovy.lang.MetaClassImpl::inheritInterfaceNewMetaMethods (195 bytes)

VM state: not at safepoint (normal execution)

VM Mutex/Monitor currently owned by a thread: None

Heap address: 0x00000000e0000000, size: 512 MB, Compressed Oops mode: 32-bit

CDS archive(s) mapped at: [0x000001e24e000000-0x000001e24ebd0000-0x000001e24ebd0000), size 12386304, SharedBaseAddress: 0x000001e24e000000, ArchiveRelocationMode: 1.
Compressed class space mapped at: 0x000001e24f000000-0x000001e263000000, reserved size: 335544320
Narrow klass base: 0x000001e24e000000, Narrow klass shift: 0, Narrow klass range: 0x100000000

GC Precious Log:
 CPUs: 8 total, 8 available
 Memory: 16226M
 Large Page Support: Disabled
 NUMA Support: Disabled
 Compressed Oops: Enabled (32-bit)
 Heap Region Size: 1M
 Heap Min Capacity: 256M
 Heap Initial Capacity: 256M
 Heap Max Capacity: 512M
 Pre-touch: Disabled
 Parallel Workers: 8
 Concurrent Workers: 2
 Concurrent Refinement Workers: 8
 Periodic GC: Disabled

Heap:
 garbage-first heap   total 262144K, used 144236K [0x00000000e0000000, 0x0000000100000000)
  region size 1024K, 78 young (79872K), 5 survivors (5120K)
 Metaspace       used 62256K, committed 62976K, reserved 393216K
  class space    used 8665K, committed 8960K, reserved 327680K

Heap Regions: E=young(eden), S=young(survivor), O=old, HS=humongous(starts), HC=humongous(continues), CS=collection set, F=free, OA=open archive, CA=closed archive, TAMS=top-at-mark-start (previous, next)
|   0|0x00000000e0000000, 0x00000000e0100000, 0x00000000e0100000|100%|HS|  |TAMS 0x00000000e0100000, 0x00000000e0000000| Complete 
|   1|0x00000000e0100000, 0x00000000e0200000, 0x00000000e0200000|100%|HC|  |TAMS 0x00000000e0200000, 0x00000000e0100000| Complete 
|   2|0x00000000e0200000, 0x00000000e0300000, 0x00000000e0300000|100%|HC|  |TAMS 0x00000000e0300000, 0x00000000e0200000| Complete 
|   3|0x00000000e0300000, 0x00000000e0400000, 0x00000000e0400000|100%|HC|  |TAMS 0x00000000e0400000, 0x00000000e0300000| Complete 
|   4|0x00000000e0400000, 0x00000000e0500000, 0x00000000e0500000|100%| O|  |TAMS 0x00000000e0500000, 0x00000000e0400000| Untracked 
|   5|0x00000000e0500000, 0x00000000e0600000, 0x00000000e0600000|100%| O|  |TAMS 0x00000000e0600000, 0x00000000e0500000| Untracked 
|   6|0x00000000e0600000, 0x00000000e0700000, 0x00000000e0700000|100%| O|  |TAMS 0x00000000e0700000, 0x00000000e0600000| Untracked 
|   7|0x00000000e0700000, 0x00000000e0800000, 0x00000000e0800000|100%| O|  |TAMS 0x00000000e0800000, 0x00000000e0700000| Untracked 
|   8|0x00000000e0800000, 0x00000000e0900000, 0x00000000e0900000|100%| O|  |TAMS 0x00000000e0900000, 0x00000000e0800000| Untracked 
|   9|0x00000000e0900000, 0x00000000e0a00000, 0x00000000e0a00000|100%| O|  |TAMS 0x00000000e0a00000, 0x00000000e0900000| Untracked 
|  10|0x00000000e0a00000, 0x00000000e0b00000, 0x00000000e0b00000|100%| O|  |TAMS 0x00000000e0b00000, 0x00000000e0a00000| Untracked 
|  11|0x00000000e0b00000, 0x00000000e0c00000, 0x00000000e0c00000|100%|HS|  |TAMS 0x00000000e0c00000, 0x00000000e0b00000| Complete 
|  12|0x00000000e0c00000, 0x00000000e0d00000, 0x00000000e0d00000|100%| O|  |TAMS 0x00000000e0d00000, 0x00000000e0c00000| Untracked 
|  13|0x00000000e0d00000, 0x00000000e0e00000, 0x00000000e0e00000|100%| O|  |TAMS 0x00000000e0e00000, 0x00000000e0d00000| Untracked 
|  14|0x00000000e0e00000, 0x00000000e0f00000, 0x00000000e0f00000|100%| O|  |TAMS 0x00000000e0f00000, 0x00000000e0e00000| Untracked 
|  15|0x00000000e0f00000, 0x00000000e1000000, 0x00000000e1000000|100%| O|  |TAMS 0x00000000e1000000, 0x00000000e0f00000| Untracked 
|  16|0x00000000e1000000, 0x00000000e1100000, 0x00000000e1100000|100%| O|  |TAMS 0x00000000e1100000, 0x00000000e1000000| Untracked 
|  17|0x00000000e1100000, 0x00000000e1200000, 0x00000000e1200000|100%| O|  |TAMS 0x00000000e1200000, 0x00000000e1100000| Untracked 
|  18|0x00000000e1200000, 0x00000000e1300000, 0x00000000e1300000|100%| O|  |TAMS 0x00000000e1300000, 0x00000000e1200000| Untracked 
|  19|0x00000000e1300000, 0x00000000e1400000, 0x00000000e1400000|100%| O|  |TAMS 0x00000000e1400000, 0x00000000e1300000| Untracked 
|  20|0x00000000e1400000, 0x00000000e1500000, 0x00000000e1500000|100%| O|  |TAMS 0x00000000e1500000, 0x00000000e1400000| Untracked 
|  21|0x00000000e1500000, 0x00000000e1600000, 0x00000000e1600000|100%| O|  |TAMS 0x00000000e1600000, 0x00000000e1500000| Untracked 
|  22|0x00000000e1600000, 0x00000000e1700000, 0x00000000e1700000|100%| O|  |TAMS 0x00000000e1700000, 0x00000000e1600000| Untracked 
|  23|0x00000000e1700000, 0x00000000e1800000, 0x00000000e1800000|100%| O|  |TAMS 0x00000000e1800000, 0x00000000e1700000| Untracked 
|  24|0x00000000e1800000, 0x00000000e1900000, 0x00000000e1900000|100%| O|  |TAMS 0x00000000e1900000, 0x00000000e1800000| Untracked 
|  25|0x00000000e1900000, 0x00000000e1a00000, 0x00000000e1a00000|100%| O|  |TAMS 0x00000000e1a00000, 0x00000000e1900000| Untracked 
|  26|0x00000000e1a00000, 0x00000000e1b00000, 0x00000000e1b00000|100%| O|  |TAMS 0x00000000e1b00000, 0x00000000e1a00000| Untracked 
|  27|0x00000000e1b00000, 0x00000000e1c00000, 0x00000000e1c00000|100%| O|  |TAMS 0x00000000e1c00000, 0x00000000e1b00000| Untracked 
|  28|0x00000000e1c00000, 0x00000000e1d00000, 0x00000000e1d00000|100%| O|  |TAMS 0x00000000e1d00000, 0x00000000e1c00000| Untracked 
|  29|0x00000000e1d00000, 0x00000000e1e00000, 0x00000000e1e00000|100%| O|  |TAMS 0x00000000e1e00000, 0x00000000e1d00000| Untracked 
|  30|0x00000000e1e00000, 0x00000000e1f00000, 0x00000000e1f00000|100%| O|  |TAMS 0x00000000e1f00000, 0x00000000e1e00000| Untracked 
|  31|0x00000000e1f00000, 0x00000000e2000000, 0x00000000e2000000|100%| O|  |TAMS 0x00000000e2000000, 0x00000000e1f00000| Untracked 
|  32|0x00000000e2000000, 0x00000000e2100000, 0x00000000e2100000|100%| O|  |TAMS 0x00000000e2100000, 0x00000000e2000000| Untracked 
|  33|0x00000000e2100000, 0x00000000e2200000, 0x00000000e2200000|100%| O|  |TAMS 0x00000000e2200000, 0x00000000e2100000| Untracked 
|  34|0x00000000e2200000, 0x00000000e2300000, 0x00000000e2300000|100%| O|  |TAMS 0x00000000e2300000, 0x00000000e2200000| Untracked 
|  35|0x00000000e2300000, 0x00000000e2400000, 0x00000000e2400000|100%| O|  |TAMS 0x00000000e2400000, 0x00000000e2300000| Untracked 
|  36|0x00000000e2400000, 0x00000000e2500000, 0x00000000e2500000|100%| O|  |TAMS 0x00000000e2500000, 0x00000000e2400000| Untracked 
|  37|0x00000000e2500000, 0x00000000e2600000, 0x00000000e2600000|100%| O|  |TAMS 0x00000000e2600000, 0x00000000e2500000| Untracked 
|  38|0x00000000e2600000, 0x00000000e2700000, 0x00000000e2700000|100%| O|  |TAMS 0x00000000e2700000, 0x00000000e2600000| Untracked 
|  39|0x00000000e2700000, 0x00000000e2800000, 0x00000000e2800000|100%| O|  |TAMS 0x00000000e2800000, 0x00000000e2700000| Untracked 
|  40|0x00000000e2800000, 0x00000000e2900000, 0x00000000e2900000|100%| O|  |TAMS 0x00000000e2900000, 0x00000000e2800000| Untracked 
|  41|0x00000000e2900000, 0x00000000e2a00000, 0x00000000e2a00000|100%| O|  |TAMS 0x00000000e2a00000, 0x00000000e2900000| Untracked 
|  42|0x00000000e2a00000, 0x00000000e2b00000, 0x00000000e2b00000|100%| O|  |TAMS 0x00000000e2b00000, 0x00000000e2a00000| Untracked 
|  43|0x00000000e2b00000, 0x00000000e2c00000, 0x00000000e2c00000|100%| O|  |TAMS 0x00000000e2c00000, 0x00000000e2b00000| Untracked 
|  44|0x00000000e2c00000, 0x00000000e2d00000, 0x00000000e2d00000|100%| O|  |TAMS 0x00000000e2ce5c00, 0x00000000e2c00000| Complete 
|  45|0x00000000e2d00000, 0x00000000e2e00000, 0x00000000e2e00000|100%| O|  |TAMS 0x00000000e2d00000, 0x00000000e2d00000| Untracked 
|  46|0x00000000e2e00000, 0x00000000e2f00000, 0x00000000e2f00000|100%| O|  |TAMS 0x00000000e2e00000, 0x00000000e2e00000| Untracked 
|  47|0x00000000e2f00000, 0x00000000e3000000, 0x00000000e3000000|100%| O|  |TAMS 0x00000000e2f00000, 0x00000000e2f00000| Untracked 
|  48|0x00000000e3000000, 0x00000000e3100000, 0x00000000e3100000|100%| O|  |TAMS 0x00000000e3000000, 0x00000000e3000000| Untracked 
|  49|0x00000000e3100000, 0x00000000e3200000, 0x00000000e3200000|100%| O|  |TAMS 0x00000000e3100000, 0x00000000e3100000| Untracked 
|  50|0x00000000e3200000, 0x00000000e3300000, 0x00000000e3300000|100%| O|  |TAMS 0x00000000e3200000, 0x00000000e3200000| Untracked 
|  51|0x00000000e3300000, 0x00000000e3400000, 0x00000000e3400000|100%| O|  |TAMS 0x00000000e3300000, 0x00000000e3300000| Untracked 
|  52|0x00000000e3400000, 0x00000000e3500000, 0x00000000e3500000|100%| O|  |TAMS 0x00000000e3400000, 0x00000000e3400000| Untracked 
|  53|0x00000000e3500000, 0x00000000e3600000, 0x00000000e3600000|100%| O|  |TAMS 0x00000000e3500000, 0x00000000e3500000| Untracked 
|  54|0x00000000e3600000, 0x00000000e3700000, 0x00000000e3700000|100%| O|  |TAMS 0x00000000e3600000, 0x00000000e3600000| Untracked 
|  55|0x00000000e3700000, 0x00000000e3800000, 0x00000000e3800000|100%| O|  |TAMS 0x00000000e3700000, 0x00000000e3700000| Untracked 
|  56|0x00000000e3800000, 0x00000000e3900000, 0x00000000e3900000|100%| O|  |TAMS 0x00000000e3800000, 0x00000000e3800000| Untracked 
|  57|0x00000000e3900000, 0x00000000e3a00000, 0x00000000e3a00000|100%| O|  |TAMS 0x00000000e3900000, 0x00000000e3900000| Untracked 
|  58|0x00000000e3a00000, 0x00000000e3b00000, 0x00000000e3b00000|100%| O|  |TAMS 0x00000000e3a00000, 0x00000000e3a00000| Untracked 
|  59|0x00000000e3b00000, 0x00000000e3c00000, 0x00000000e3c00000|100%| O|  |TAMS 0x00000000e3b00000, 0x00000000e3b00000| Untracked 
|  60|0x00000000e3c00000, 0x00000000e3d00000, 0x00000000e3d00000|100%| O|  |TAMS 0x00000000e3c00000, 0x00000000e3c00000| Untracked 
|  61|0x00000000e3d00000, 0x00000000e3e00000, 0x00000000e3e00000|100%| O|  |TAMS 0x00000000e3d00000, 0x00000000e3d00000| Untracked 
|  62|0x00000000e3e00000, 0x00000000e3f00000, 0x00000000e3f00000|100%| O|  |TAMS 0x00000000e3e00000, 0x00000000e3e00000| Untracked 
|  63|0x00000000e3f00000, 0x00000000e4000000, 0x00000000e4000000|100%| O|  |TAMS 0x00000000e3f00000, 0x00000000e3f00000| Untracked 
|  64|0x00000000e4000000, 0x00000000e40fbe00, 0x00000000e4100000| 98%| O|  |TAMS 0x00000000e4000000, 0x00000000e4000000| Untracked 
|  65|0x00000000e4100000, 0x00000000e4100000, 0x00000000e4200000|  0%| F|  |TAMS 0x00000000e4100000, 0x00000000e4100000| Untracked 
|  66|0x00000000e4200000, 0x00000000e4200000, 0x00000000e4300000|  0%| F|  |TAMS 0x00000000e4200000, 0x00000000e4200000| Untracked 
|  67|0x00000000e4300000, 0x00000000e4300000, 0x00000000e4400000|  0%| F|  |TAMS 0x00000000e4300000, 0x00000000e4300000| Untracked 
|  68|0x00000000e4400000, 0x00000000e4400000, 0x00000000e4500000|  0%| F|  |TAMS 0x00000000e4400000, 0x00000000e4400000| Untracked 
|  69|0x00000000e4500000, 0x00000000e4500000, 0x00000000e4600000|  0%| F|  |TAMS 0x00000000e4500000, 0x00000000e4500000| Untracked 
|  70|0x00000000e4600000, 0x00000000e4600000, 0x00000000e4700000|  0%| F|  |TAMS 0x00000000e4600000, 0x00000000e4600000| Untracked 
|  71|0x00000000e4700000, 0x00000000e4700000, 0x00000000e4800000|  0%| F|  |TAMS 0x00000000e4700000, 0x00000000e4700000| Untracked 
|  72|0x00000000e4800000, 0x00000000e4800000, 0x00000000e4900000|  0%| F|  |TAMS 0x00000000e4800000, 0x00000000e4800000| Untracked 
|  73|0x00000000e4900000, 0x00000000e4900000, 0x00000000e4a00000|  0%| F|  |TAMS 0x00000000e4900000, 0x00000000e4900000| Untracked 
|  74|0x00000000e4a00000, 0x00000000e4a00000, 0x00000000e4b00000|  0%| F|  |TAMS 0x00000000e4a00000, 0x00000000e4a00000| Untracked 
|  75|0x00000000e4b00000, 0x00000000e4b00000, 0x00000000e4c00000|  0%| F|  |TAMS 0x00000000e4b00000, 0x00000000e4b00000| Untracked 
|  76|0x00000000e4c00000, 0x00000000e4c00000, 0x00000000e4d00000|  0%| F|  |TAMS 0x00000000e4c00000, 0x00000000e4c00000| Untracked 
|  77|0x00000000e4d00000, 0x00000000e4d00000, 0x00000000e4e00000|  0%| F|  |TAMS 0x00000000e4d00000, 0x00000000e4d00000| Untracked 
|  78|0x00000000e4e00000, 0x00000000e4e00000, 0x00000000e4f00000|  0%| F|  |TAMS 0x00000000e4e00000, 0x00000000e4e00000| Untracked 
|  79|0x00000000e4f00000, 0x00000000e4f00000, 0x00000000e5000000|  0%| F|  |TAMS 0x00000000e4f00000, 0x00000000e4f00000| Untracked 
|  80|0x00000000e5000000, 0x00000000e5000000, 0x00000000e5100000|  0%| F|  |TAMS 0x00000000e5000000, 0x00000000e5000000| Untracked 
|  81|0x00000000e5100000, 0x00000000e5100000, 0x00000000e5200000|  0%| F|  |TAMS 0x00000000e5100000, 0x00000000e5100000| Untracked 
|  82|0x00000000e5200000, 0x00000000e5200000, 0x00000000e5300000|  0%| F|  |TAMS 0x00000000e5200000, 0x00000000e5200000| Untracked 
|  83|0x00000000e5300000, 0x00000000e5300000, 0x00000000e5400000|  0%| F|  |TAMS 0x00000000e5300000, 0x00000000e5300000| Untracked 
|  84|0x00000000e5400000, 0x00000000e5400000, 0x00000000e5500000|  0%| F|  |TAMS 0x00000000e5400000, 0x00000000e5400000| Untracked 
|  85|0x00000000e5500000, 0x00000000e5500000, 0x00000000e5600000|  0%| F|  |TAMS 0x00000000e5500000, 0x00000000e5500000| Untracked 
|  86|0x00000000e5600000, 0x00000000e5600000, 0x00000000e5700000|  0%| F|  |TAMS 0x00000000e5600000, 0x00000000e5600000| Untracked 
|  87|0x00000000e5700000, 0x00000000e5700000, 0x00000000e5800000|  0%| F|  |TAMS 0x00000000e5700000, 0x00000000e5700000| Untracked 
|  88|0x00000000e5800000, 0x00000000e5800000, 0x00000000e5900000|  0%| F|  |TAMS 0x00000000e5800000, 0x00000000e5800000| Untracked 
|  89|0x00000000e5900000, 0x00000000e5900000, 0x00000000e5a00000|  0%| F|  |TAMS 0x00000000e5900000, 0x00000000e5900000| Untracked 
|  90|0x00000000e5a00000, 0x00000000e5a00000, 0x00000000e5b00000|  0%| F|  |TAMS 0x00000000e5a00000, 0x00000000e5a00000| Untracked 
|  91|0x00000000e5b00000, 0x00000000e5b00000, 0x00000000e5c00000|  0%| F|  |TAMS 0x00000000e5b00000, 0x00000000e5b00000| Untracked 
|  92|0x00000000e5c00000, 0x00000000e5c00000, 0x00000000e5d00000|  0%| F|  |TAMS 0x00000000e5c00000, 0x00000000e5c00000| Untracked 
|  93|0x00000000e5d00000, 0x00000000e5d00000, 0x00000000e5e00000|  0%| F|  |TAMS 0x00000000e5d00000, 0x00000000e5d00000| Untracked 
|  94|0x00000000e5e00000, 0x00000000e5e00000, 0x00000000e5f00000|  0%| F|  |TAMS 0x00000000e5e00000, 0x00000000e5e00000| Untracked 
|  95|0x00000000e5f00000, 0x00000000e5f00000, 0x00000000e6000000|  0%| F|  |TAMS 0x00000000e5f00000, 0x00000000e5f00000| Untracked 
|  96|0x00000000e6000000, 0x00000000e6000000, 0x00000000e6100000|  0%| F|  |TAMS 0x00000000e6000000, 0x00000000e6000000| Untracked 
|  97|0x00000000e6100000, 0x00000000e6100000, 0x00000000e6200000|  0%| F|  |TAMS 0x00000000e6100000, 0x00000000e6100000| Untracked 
|  98|0x00000000e6200000, 0x00000000e6200000, 0x00000000e6300000|  0%| F|  |TAMS 0x00000000e6200000, 0x00000000e6200000| Untracked 
|  99|0x00000000e6300000, 0x00000000e6300000, 0x00000000e6400000|  0%| F|  |TAMS 0x00000000e6300000, 0x00000000e6300000| Untracked 
| 100|0x00000000e6400000, 0x00000000e6400000, 0x00000000e6500000|  0%| F|  |TAMS 0x00000000e6400000, 0x00000000e6400000| Untracked 
| 101|0x00000000e6500000, 0x00000000e6500000, 0x00000000e6600000|  0%| F|  |TAMS 0x00000000e6500000, 0x00000000e6500000| Untracked 
| 102|0x00000000e6600000, 0x00000000e6600000, 0x00000000e6700000|  0%| F|  |TAMS 0x00000000e6600000, 0x00000000e6600000| Untracked 
| 103|0x00000000e6700000, 0x00000000e6700000, 0x00000000e6800000|  0%| F|  |TAMS 0x00000000e6700000, 0x00000000e6700000| Untracked 
| 104|0x00000000e6800000, 0x00000000e6800000, 0x00000000e6900000|  0%| F|  |TAMS 0x00000000e6800000, 0x00000000e6800000| Untracked 
| 105|0x00000000e6900000, 0x00000000e6900000, 0x00000000e6a00000|  0%| F|  |TAMS 0x00000000e6900000, 0x00000000e6900000| Untracked 
| 106|0x00000000e6a00000, 0x00000000e6a00000, 0x00000000e6b00000|  0%| F|  |TAMS 0x00000000e6a00000, 0x00000000e6a00000| Untracked 
| 107|0x00000000e6b00000, 0x00000000e6b00000, 0x00000000e6c00000|  0%| F|  |TAMS 0x00000000e6b00000, 0x00000000e6b00000| Untracked 
| 108|0x00000000e6c00000, 0x00000000e6c00000, 0x00000000e6d00000|  0%| F|  |TAMS 0x00000000e6c00000, 0x00000000e6c00000| Untracked 
| 109|0x00000000e6d00000, 0x00000000e6d00000, 0x00000000e6e00000|  0%| F|  |TAMS 0x00000000e6d00000, 0x00000000e6d00000| Untracked 
| 110|0x00000000e6e00000, 0x00000000e6e00000, 0x00000000e6f00000|  0%| F|  |TAMS 0x00000000e6e00000, 0x00000000e6e00000| Untracked 
| 111|0x00000000e6f00000, 0x00000000e6f00000, 0x00000000e7000000|  0%| F|  |TAMS 0x00000000e6f00000, 0x00000000e6f00000| Untracked 
| 112|0x00000000e7000000, 0x00000000e7000000, 0x00000000e7100000|  0%| F|  |TAMS 0x00000000e7000000, 0x00000000e7000000| Untracked 
| 113|0x00000000e7100000, 0x00000000e7100000, 0x00000000e7200000|  0%| F|  |TAMS 0x00000000e7100000, 0x00000000e7100000| Untracked 
| 114|0x00000000e7200000, 0x00000000e7200000, 0x00000000e7300000|  0%| F|  |TAMS 0x00000000e7200000, 0x00000000e7200000| Untracked 
| 115|0x00000000e7300000, 0x00000000e7300000, 0x00000000e7400000|  0%| F|  |TAMS 0x00000000e7300000, 0x00000000e7300000| Untracked 
| 116|0x00000000e7400000, 0x00000000e7400000, 0x00000000e7500000|  0%| F|  |TAMS 0x00000000e7400000, 0x00000000e7400000| Untracked 
| 117|0x00000000e7500000, 0x00000000e7500000, 0x00000000e7600000|  0%| F|  |TAMS 0x00000000e7500000, 0x00000000e7500000| Untracked 
| 118|0x00000000e7600000, 0x00000000e7600000, 0x00000000e7700000|  0%| F|  |TAMS 0x00000000e7600000, 0x00000000e7600000| Untracked 
| 119|0x00000000e7700000, 0x00000000e7700000, 0x00000000e7800000|  0%| F|  |TAMS 0x00000000e7700000, 0x00000000e7700000| Untracked 
| 120|0x00000000e7800000, 0x00000000e7800000, 0x00000000e7900000|  0%| F|  |TAMS 0x00000000e7800000, 0x00000000e7800000| Untracked 
| 121|0x00000000e7900000, 0x00000000e7900000, 0x00000000e7a00000|  0%| F|  |TAMS 0x00000000e7900000, 0x00000000e7900000| Untracked 
| 122|0x00000000e7a00000, 0x00000000e7a00000, 0x00000000e7b00000|  0%| F|  |TAMS 0x00000000e7a00000, 0x00000000e7a00000| Untracked 
| 123|0x00000000e7b00000, 0x00000000e7b00000, 0x00000000e7c00000|  0%| F|  |TAMS 0x00000000e7b00000, 0x00000000e7b00000| Untracked 
| 124|0x00000000e7c00000, 0x00000000e7c00000, 0x00000000e7d00000|  0%| F|  |TAMS 0x00000000e7c00000, 0x00000000e7c00000| Untracked 
| 125|0x00000000e7d00000, 0x00000000e7d00000, 0x00000000e7e00000|  0%| F|  |TAMS 0x00000000e7d00000, 0x00000000e7d00000| Untracked 
| 126|0x00000000e7e00000, 0x00000000e7e00000, 0x00000000e7f00000|  0%| F|  |TAMS 0x00000000e7e00000, 0x00000000e7e00000| Untracked 
| 127|0x00000000e7f00000, 0x00000000e7f00000, 0x00000000e8000000|  0%| F|  |TAMS 0x00000000e7f00000, 0x00000000e7f00000| Untracked 
| 128|0x00000000e8000000, 0x00000000e8000000, 0x00000000e8100000|  0%| F|  |TAMS 0x00000000e8000000, 0x00000000e8000000| Untracked 
| 129|0x00000000e8100000, 0x00000000e8100000, 0x00000000e8200000|  0%| F|  |TAMS 0x00000000e8100000, 0x00000000e8100000| Untracked 
| 130|0x00000000e8200000, 0x00000000e8200000, 0x00000000e8300000|  0%| F|  |TAMS 0x00000000e8200000, 0x00000000e8200000| Untracked 
| 131|0x00000000e8300000, 0x00000000e8300000, 0x00000000e8400000|  0%| F|  |TAMS 0x00000000e8300000, 0x00000000e8300000| Untracked 
| 132|0x00000000e8400000, 0x00000000e8400000, 0x00000000e8500000|  0%| F|  |TAMS 0x00000000e8400000, 0x00000000e8400000| Untracked 
| 133|0x00000000e8500000, 0x00000000e8500000, 0x00000000e8600000|  0%| F|  |TAMS 0x00000000e8500000, 0x00000000e8500000| Untracked 
| 134|0x00000000e8600000, 0x00000000e8600000, 0x00000000e8700000|  0%| F|  |TAMS 0x00000000e8600000, 0x00000000e8600000| Untracked 
| 135|0x00000000e8700000, 0x00000000e8700000, 0x00000000e8800000|  0%| F|  |TAMS 0x00000000e8700000, 0x00000000e8700000| Untracked 
| 136|0x00000000e8800000, 0x00000000e8800000, 0x00000000e8900000|  0%| F|  |TAMS 0x00000000e8800000, 0x00000000e8800000| Untracked 
| 137|0x00000000e8900000, 0x00000000e8900000, 0x00000000e8a00000|  0%| F|  |TAMS 0x00000000e8900000, 0x00000000e8900000| Untracked 
| 138|0x00000000e8a00000, 0x00000000e8a00000, 0x00000000e8b00000|  0%| F|  |TAMS 0x00000000e8a00000, 0x00000000e8a00000| Untracked 
| 139|0x00000000e8b00000, 0x00000000e8b00000, 0x00000000e8c00000|  0%| F|  |TAMS 0x00000000e8b00000, 0x00000000e8b00000| Untracked 
| 140|0x00000000e8c00000, 0x00000000e8c00000, 0x00000000e8d00000|  0%| F|  |TAMS 0x00000000e8c00000, 0x00000000e8c00000| Untracked 
| 141|0x00000000e8d00000, 0x00000000e8d00000, 0x00000000e8e00000|  0%| F|  |TAMS 0x00000000e8d00000, 0x00000000e8d00000| Untracked 
| 142|0x00000000e8e00000, 0x00000000e8e00000, 0x00000000e8f00000|  0%| F|  |TAMS 0x00000000e8e00000, 0x00000000e8e00000| Untracked 
| 143|0x00000000e8f00000, 0x00000000e8f00000, 0x00000000e9000000|  0%| F|  |TAMS 0x00000000e8f00000, 0x00000000e8f00000| Untracked 
| 144|0x00000000e9000000, 0x00000000e9000000, 0x00000000e9100000|  0%| F|  |TAMS 0x00000000e9000000, 0x00000000e9000000| Untracked 
| 145|0x00000000e9100000, 0x00000000e9100000, 0x00000000e9200000|  0%| F|  |TAMS 0x00000000e9100000, 0x00000000e9100000| Untracked 
| 146|0x00000000e9200000, 0x00000000e9200000, 0x00000000e9300000|  0%| F|  |TAMS 0x00000000e9200000, 0x00000000e9200000| Untracked 
| 147|0x00000000e9300000, 0x00000000e9300000, 0x00000000e9400000|  0%| F|  |TAMS 0x00000000e9300000, 0x00000000e9300000| Untracked 
| 148|0x00000000e9400000, 0x00000000e9400000, 0x00000000e9500000|  0%| F|  |TAMS 0x00000000e9400000, 0x00000000e9400000| Untracked 
| 149|0x00000000e9500000, 0x00000000e9500000, 0x00000000e9600000|  0%| F|  |TAMS 0x00000000e9500000, 0x00000000e9500000| Untracked 
| 150|0x00000000e9600000, 0x00000000e9600000, 0x00000000e9700000|  0%| F|  |TAMS 0x00000000e9600000, 0x00000000e9600000| Untracked 
| 151|0x00000000e9700000, 0x00000000e9700000, 0x00000000e9800000|  0%| F|  |TAMS 0x00000000e9700000, 0x00000000e9700000| Untracked 
| 152|0x00000000e9800000, 0x00000000e9800000, 0x00000000e9900000|  0%| F|  |TAMS 0x00000000e9800000, 0x00000000e9800000| Untracked 
| 153|0x00000000e9900000, 0x00000000e9900000, 0x00000000e9a00000|  0%| F|  |TAMS 0x00000000e9900000, 0x00000000e9900000| Untracked 
| 154|0x00000000e9a00000, 0x00000000e9a00000, 0x00000000e9b00000|  0%| F|  |TAMS 0x00000000e9a00000, 0x00000000e9a00000| Untracked 
| 155|0x00000000e9b00000, 0x00000000e9b00000, 0x00000000e9c00000|  0%| F|  |TAMS 0x00000000e9b00000, 0x00000000e9b00000| Untracked 
| 156|0x00000000e9c00000, 0x00000000e9c00000, 0x00000000e9d00000|  0%| F|  |TAMS 0x00000000e9c00000, 0x00000000e9c00000| Untracked 
| 157|0x00000000e9d00000, 0x00000000e9d00000, 0x00000000e9e00000|  0%| F|  |TAMS 0x00000000e9d00000, 0x00000000e9d00000| Untracked 
| 158|0x00000000e9e00000, 0x00000000e9e00000, 0x00000000e9f00000|  0%| F|  |TAMS 0x00000000e9e00000, 0x00000000e9e00000| Untracked 
| 159|0x00000000e9f00000, 0x00000000e9f00000, 0x00000000ea000000|  0%| F|  |TAMS 0x00000000e9f00000, 0x00000000e9f00000| Untracked 
| 160|0x00000000ea000000, 0x00000000ea000000, 0x00000000ea100000|  0%| F|  |TAMS 0x00000000ea000000, 0x00000000ea000000| Untracked 
| 161|0x00000000ea100000, 0x00000000ea100000, 0x00000000ea200000|  0%| F|  |TAMS 0x00000000ea100000, 0x00000000ea100000| Untracked 
| 162|0x00000000ea200000, 0x00000000ea200000, 0x00000000ea300000|  0%| F|  |TAMS 0x00000000ea200000, 0x00000000ea200000| Untracked 
| 163|0x00000000ea300000, 0x00000000ea300000, 0x00000000ea400000|  0%| F|  |TAMS 0x00000000ea300000, 0x00000000ea300000| Untracked 
| 164|0x00000000ea400000, 0x00000000ea400000, 0x00000000ea500000|  0%| F|  |TAMS 0x00000000ea400000, 0x00000000ea400000| Untracked 
| 165|0x00000000ea500000, 0x00000000ea500000, 0x00000000ea600000|  0%| F|  |TAMS 0x00000000ea500000, 0x00000000ea500000| Untracked 
| 166|0x00000000ea600000, 0x00000000ea600000, 0x00000000ea700000|  0%| F|  |TAMS 0x00000000ea600000, 0x00000000ea600000| Untracked 
| 167|0x00000000ea700000, 0x00000000ea700000, 0x00000000ea800000|  0%| F|  |TAMS 0x00000000ea700000, 0x00000000ea700000| Untracked 
| 168|0x00000000ea800000, 0x00000000ea800000, 0x00000000ea900000|  0%| F|  |TAMS 0x00000000ea800000, 0x00000000ea800000| Untracked 
| 169|0x00000000ea900000, 0x00000000ea900000, 0x00000000eaa00000|  0%| F|  |TAMS 0x00000000ea900000, 0x00000000ea900000| Untracked 
| 170|0x00000000eaa00000, 0x00000000eaa00000, 0x00000000eab00000|  0%| F|  |TAMS 0x00000000eaa00000, 0x00000000eaa00000| Untracked 
| 171|0x00000000eab00000, 0x00000000eab00000, 0x00000000eac00000|  0%| F|  |TAMS 0x00000000eab00000, 0x00000000eab00000| Untracked 
| 172|0x00000000eac00000, 0x00000000eac00000, 0x00000000ead00000|  0%| F|  |TAMS 0x00000000eac00000, 0x00000000eac00000| Untracked 
| 173|0x00000000ead00000, 0x00000000ead00000, 0x00000000eae00000|  0%| F|  |TAMS 0x00000000ead00000, 0x00000000ead00000| Untracked 
| 174|0x00000000eae00000, 0x00000000eae00000, 0x00000000eaf00000|  0%| F|  |TAMS 0x00000000eae00000, 0x00000000eae00000| Untracked 
| 175|0x00000000eaf00000, 0x00000000eaf00000, 0x00000000eb000000|  0%| F|  |TAMS 0x00000000eaf00000, 0x00000000eaf00000| Untracked 
| 176|0x00000000eb000000, 0x00000000eb000000, 0x00000000eb100000|  0%| F|  |TAMS 0x00000000eb000000, 0x00000000eb000000| Untracked 
| 177|0x00000000eb100000, 0x00000000eb100000, 0x00000000eb200000|  0%| F|  |TAMS 0x00000000eb100000, 0x00000000eb100000| Untracked 
| 178|0x00000000eb200000, 0x00000000eb2c59b0, 0x00000000eb300000| 77%| E|  |TAMS 0x00000000eb200000, 0x00000000eb200000| Complete 
| 179|0x00000000eb300000, 0x00000000eb400000, 0x00000000eb400000|100%| E|CS|TAMS 0x00000000eb300000, 0x00000000eb300000| Complete 
| 180|0x00000000eb400000, 0x00000000eb500000, 0x00000000eb500000|100%| E|CS|TAMS 0x00000000eb400000, 0x00000000eb400000| Complete 
| 181|0x00000000eb500000, 0x00000000eb600000, 0x00000000eb600000|100%| E|CS|TAMS 0x00000000eb500000, 0x00000000eb500000| Complete 
| 182|0x00000000eb600000, 0x00000000eb700000, 0x00000000eb700000|100%| E|CS|TAMS 0x00000000eb600000, 0x00000000eb600000| Complete 
| 183|0x00000000eb700000, 0x00000000eb800000, 0x00000000eb800000|100%| E|CS|TAMS 0x00000000eb700000, 0x00000000eb700000| Complete 
| 184|0x00000000eb800000, 0x00000000eb900000, 0x00000000eb900000|100%| E|CS|TAMS 0x00000000eb800000, 0x00000000eb800000| Complete 
| 185|0x00000000eb900000, 0x00000000eba00000, 0x00000000eba00000|100%| E|CS|TAMS 0x00000000eb900000, 0x00000000eb900000| Complete 
| 186|0x00000000eba00000, 0x00000000ebb00000, 0x00000000ebb00000|100%| E|CS|TAMS 0x00000000eba00000, 0x00000000eba00000| Complete 
| 187|0x00000000ebb00000, 0x00000000ebc00000, 0x00000000ebc00000|100%| E|CS|TAMS 0x00000000ebb00000, 0x00000000ebb00000| Complete 
| 188|0x00000000ebc00000, 0x00000000ebd00000, 0x00000000ebd00000|100%| E|CS|TAMS 0x00000000ebc00000, 0x00000000ebc00000| Complete 
| 189|0x00000000ebd00000, 0x00000000ebe00000, 0x00000000ebe00000|100%| E|CS|TAMS 0x00000000ebd00000, 0x00000000ebd00000| Complete 
| 190|0x00000000ebe00000, 0x00000000ebf00000, 0x00000000ebf00000|100%| E|CS|TAMS 0x00000000ebe00000, 0x00000000ebe00000| Complete 
| 191|0x00000000ebf00000, 0x00000000ec000000, 0x00000000ec000000|100%| E|CS|TAMS 0x00000000ebf00000, 0x00000000ebf00000| Complete 
| 192|0x00000000ec000000, 0x00000000ec100000, 0x00000000ec100000|100%| E|CS|TAMS 0x00000000ec000000, 0x00000000ec000000| Complete 
| 193|0x00000000ec100000, 0x00000000ec1df3f0, 0x00000000ec200000| 87%| S|CS|TAMS 0x00000000ec100000, 0x00000000ec100000| Complete 
| 194|0x00000000ec200000, 0x00000000ec300000, 0x00000000ec300000|100%| S|CS|TAMS 0x00000000ec200000, 0x00000000ec200000| Complete 
| 195|0x00000000ec300000, 0x00000000ec400000, 0x00000000ec400000|100%| S|CS|TAMS 0x00000000ec300000, 0x00000000ec300000| Complete 
| 196|0x00000000ec400000, 0x00000000ec500000, 0x00000000ec500000|100%| S|CS|TAMS 0x00000000ec400000, 0x00000000ec400000| Complete 
| 197|0x00000000ec500000, 0x00000000ec600000, 0x00000000ec600000|100%| S|CS|TAMS 0x00000000ec500000, 0x00000000ec500000| Complete 
| 198|0x00000000ec600000, 0x00000000ec700000, 0x00000000ec700000|100%| E|  |TAMS 0x00000000ec600000, 0x00000000ec600000| Complete 
| 199|0x00000000ec700000, 0x00000000ec800000, 0x00000000ec800000|100%| E|CS|TAMS 0x00000000ec700000, 0x00000000ec700000| Complete 
| 200|0x00000000ec800000, 0x00000000ec900000, 0x00000000ec900000|100%| E|CS|TAMS 0x00000000ec800000, 0x00000000ec800000| Complete 
| 201|0x00000000ec900000, 0x00000000eca00000, 0x00000000eca00000|100%| E|CS|TAMS 0x00000000ec900000, 0x00000000ec900000| Complete 
| 202|0x00000000eca00000, 0x00000000ecb00000, 0x00000000ecb00000|100%| E|CS|TAMS 0x00000000eca00000, 0x00000000eca00000| Complete 
| 203|0x00000000ecb00000, 0x00000000ecc00000, 0x00000000ecc00000|100%| E|CS|TAMS 0x00000000ecb00000, 0x00000000ecb00000| Complete 
| 204|0x00000000ecc00000, 0x00000000ecd00000, 0x00000000ecd00000|100%| E|CS|TAMS 0x00000000ecc00000, 0x00000000ecc00000| Complete 
| 205|0x00000000ecd00000, 0x00000000ece00000, 0x00000000ece00000|100%| E|CS|TAMS 0x00000000ecd00000, 0x00000000ecd00000| Complete 
| 206|0x00000000ece00000, 0x00000000ecf00000, 0x00000000ecf00000|100%| E|CS|TAMS 0x00000000ece00000, 0x00000000ece00000| Complete 
| 207|0x00000000ecf00000, 0x00000000ed000000, 0x00000000ed000000|100%| E|CS|TAMS 0x00000000ecf00000, 0x00000000ecf00000| Complete 
| 208|0x00000000ed000000, 0x00000000ed100000, 0x00000000ed100000|100%| E|CS|TAMS 0x00000000ed000000, 0x00000000ed000000| Complete 
| 209|0x00000000ed100000, 0x00000000ed200000, 0x00000000ed200000|100%| E|CS|TAMS 0x00000000ed100000, 0x00000000ed100000| Complete 
| 210|0x00000000ed200000, 0x00000000ed300000, 0x00000000ed300000|100%| E|CS|TAMS 0x00000000ed200000, 0x00000000ed200000| Complete 
| 211|0x00000000ed300000, 0x00000000ed400000, 0x00000000ed400000|100%| E|CS|TAMS 0x00000000ed300000, 0x00000000ed300000| Complete 
| 212|0x00000000ed400000, 0x00000000ed500000, 0x00000000ed500000|100%| E|CS|TAMS 0x00000000ed400000, 0x00000000ed400000| Complete 
| 213|0x00000000ed500000, 0x00000000ed600000, 0x00000000ed600000|100%| E|CS|TAMS 0x00000000ed500000, 0x00000000ed500000| Complete 
| 214|0x00000000ed600000, 0x00000000ed700000, 0x00000000ed700000|100%| E|CS|TAMS 0x00000000ed600000, 0x00000000ed600000| Complete 
| 215|0x00000000ed700000, 0x00000000ed800000, 0x00000000ed800000|100%| E|CS|TAMS 0x00000000ed700000, 0x00000000ed700000| Complete 
| 216|0x00000000ed800000, 0x00000000ed900000, 0x00000000ed900000|100%| E|CS|TAMS 0x00000000ed800000, 0x00000000ed800000| Complete 
| 217|0x00000000ed900000, 0x00000000eda00000, 0x00000000eda00000|100%| E|CS|TAMS 0x00000000ed900000, 0x00000000ed900000| Complete 
| 218|0x00000000eda00000, 0x00000000edb00000, 0x00000000edb00000|100%| E|CS|TAMS 0x00000000eda00000, 0x00000000eda00000| Complete 
| 219|0x00000000edb00000, 0x00000000edc00000, 0x00000000edc00000|100%| E|CS|TAMS 0x00000000edb00000, 0x00000000edb00000| Complete 
| 220|0x00000000edc00000, 0x00000000edd00000, 0x00000000edd00000|100%| E|CS|TAMS 0x00000000edc00000, 0x00000000edc00000| Complete 
| 221|0x00000000edd00000, 0x00000000ede00000, 0x00000000ede00000|100%| E|CS|TAMS 0x00000000edd00000, 0x00000000edd00000| Complete 
| 222|0x00000000ede00000, 0x00000000edf00000, 0x00000000edf00000|100%| E|CS|TAMS 0x00000000ede00000, 0x00000000ede00000| Complete 
| 223|0x00000000edf00000, 0x00000000ee000000, 0x00000000ee000000|100%| E|CS|TAMS 0x00000000edf00000, 0x00000000edf00000| Complete 
| 224|0x00000000ee000000, 0x00000000ee100000, 0x00000000ee100000|100%| E|CS|TAMS 0x00000000ee000000, 0x00000000ee000000| Complete 
| 225|0x00000000ee100000, 0x00000000ee200000, 0x00000000ee200000|100%| E|CS|TAMS 0x00000000ee100000, 0x00000000ee100000| Complete 
| 226|0x00000000ee200000, 0x00000000ee300000, 0x00000000ee300000|100%| E|CS|TAMS 0x00000000ee200000, 0x00000000ee200000| Complete 
| 227|0x00000000ee300000, 0x00000000ee400000, 0x00000000ee400000|100%| E|CS|TAMS 0x00000000ee300000, 0x00000000ee300000| Complete 
| 228|0x00000000ee400000, 0x00000000ee500000, 0x00000000ee500000|100%| E|CS|TAMS 0x00000000ee400000, 0x00000000ee400000| Complete 
| 229|0x00000000ee500000, 0x00000000ee600000, 0x00000000ee600000|100%| E|CS|TAMS 0x00000000ee500000, 0x00000000ee500000| Complete 
| 230|0x00000000ee600000, 0x00000000ee700000, 0x00000000ee700000|100%| E|CS|TAMS 0x00000000ee600000, 0x00000000ee600000| Complete 
| 231|0x00000000ee700000, 0x00000000ee800000, 0x00000000ee800000|100%| E|CS|TAMS 0x00000000ee700000, 0x00000000ee700000| Complete 
| 232|0x00000000ee800000, 0x00000000ee900000, 0x00000000ee900000|100%| E|CS|TAMS 0x00000000ee800000, 0x00000000ee800000| Complete 
| 233|0x00000000ee900000, 0x00000000eea00000, 0x00000000eea00000|100%| E|CS|TAMS 0x00000000ee900000, 0x00000000ee900000| Complete 
| 234|0x00000000eea00000, 0x00000000eeb00000, 0x00000000eeb00000|100%| E|CS|TAMS 0x00000000eea00000, 0x00000000eea00000| Complete 
| 235|0x00000000eeb00000, 0x00000000eec00000, 0x00000000eec00000|100%| E|CS|TAMS 0x00000000eeb00000, 0x00000000eeb00000| Complete 
| 236|0x00000000eec00000, 0x00000000eed00000, 0x00000000eed00000|100%| E|CS|TAMS 0x00000000eec00000, 0x00000000eec00000| Complete 
| 237|0x00000000eed00000, 0x00000000eee00000, 0x00000000eee00000|100%| E|CS|TAMS 0x00000000eed00000, 0x00000000eed00000| Complete 
| 238|0x00000000eee00000, 0x00000000eef00000, 0x00000000eef00000|100%| E|CS|TAMS 0x00000000eee00000, 0x00000000eee00000| Complete 
| 239|0x00000000eef00000, 0x00000000ef000000, 0x00000000ef000000|100%| E|CS|TAMS 0x00000000eef00000, 0x00000000eef00000| Complete 
| 240|0x00000000ef000000, 0x00000000ef100000, 0x00000000ef100000|100%| E|CS|TAMS 0x00000000ef000000, 0x00000000ef000000| Complete 
| 241|0x00000000ef100000, 0x00000000ef200000, 0x00000000ef200000|100%| E|CS|TAMS 0x00000000ef100000, 0x00000000ef100000| Complete 
| 242|0x00000000ef200000, 0x00000000ef300000, 0x00000000ef300000|100%| E|CS|TAMS 0x00000000ef200000, 0x00000000ef200000| Complete 
| 243|0x00000000ef300000, 0x00000000ef400000, 0x00000000ef400000|100%| E|CS|TAMS 0x00000000ef300000, 0x00000000ef300000| Complete 
| 244|0x00000000ef400000, 0x00000000ef500000, 0x00000000ef500000|100%| E|CS|TAMS 0x00000000ef400000, 0x00000000ef400000| Complete 
| 245|0x00000000ef500000, 0x00000000ef600000, 0x00000000ef600000|100%| E|CS|TAMS 0x00000000ef500000, 0x00000000ef500000| Complete 
| 246|0x00000000ef600000, 0x00000000ef700000, 0x00000000ef700000|100%| E|CS|TAMS 0x00000000ef600000, 0x00000000ef600000| Complete 
| 247|0x00000000ef700000, 0x00000000ef800000, 0x00000000ef800000|100%| E|CS|TAMS 0x00000000ef700000, 0x00000000ef700000| Complete 
| 248|0x00000000ef800000, 0x00000000ef900000, 0x00000000ef900000|100%| E|CS|TAMS 0x00000000ef800000, 0x00000000ef800000| Complete 
| 249|0x00000000ef900000, 0x00000000efa00000, 0x00000000efa00000|100%| E|CS|TAMS 0x00000000ef900000, 0x00000000ef900000| Complete 
| 250|0x00000000efa00000, 0x00000000efb00000, 0x00000000efb00000|100%| E|CS|TAMS 0x00000000efa00000, 0x00000000efa00000| Complete 
| 251|0x00000000efb00000, 0x00000000efc00000, 0x00000000efc00000|100%| E|CS|TAMS 0x00000000efb00000, 0x00000000efb00000| Complete 
| 252|0x00000000efc00000, 0x00000000efd00000, 0x00000000efd00000|100%| E|CS|TAMS 0x00000000efc00000, 0x00000000efc00000| Complete 
| 253|0x00000000efd00000, 0x00000000efe00000, 0x00000000efe00000|100%| E|CS|TAMS 0x00000000efd00000, 0x00000000efd00000| Complete 
| 254|0x00000000efe00000, 0x00000000eff00000, 0x00000000eff00000|100%| E|CS|TAMS 0x00000000efe00000, 0x00000000efe00000| Complete 
| 255|0x00000000eff00000, 0x00000000f0000000, 0x00000000f0000000|100%| E|CS|TAMS 0x00000000eff00000, 0x00000000eff00000| Complete 

Card table byte_map: [0x000001e249770000,0x000001e249870000] _byte_map_base: 0x000001e249070000

Marking Bits (Prev, Next): (CMBitMap*) 0x000001e230ba43a0, (CMBitMap*) 0x000001e230ba4360
 Prev Bits: [0x000001e24a170000, 0x000001e24a970000)
 Next Bits: [0x000001e249970000, 0x000001e24a170000)

Polling page: 0x000001e230c40000

Metaspace:

Usage:
  Non-class:     52.39 MB used.
      Class:      8.48 MB used.
       Both:     60.87 MB used.

Virtual space:
  Non-class space:       64.00 MB reserved,      52.75 MB ( 82%) committed,  1 nodes.
      Class space:      320.00 MB reserved,       8.81 MB (  3%) committed,  1 nodes.
             Both:      384.00 MB reserved,      61.56 MB ( 16%) committed. 

Chunk freelists:
   Non-Class:  11.13 MB
       Class:  7.23 MB
        Both:  18.36 MB

MaxMetaspaceSize: 384.00 MB
CompressedClassSpaceSize: 320.00 MB
Initial GC threshold: 21.00 MB
Current GC threshold: 98.56 MB
CDS: on
MetaspaceReclaimPolicy: balanced
 - commit_granule_bytes: 65536.
 - commit_granule_words: 8192.
 - virtual_space_node_default_size: 8388608.
 - enlarge_chunks_in_place: 1.
 - new_chunks_are_fully_committed: 0.
 - uncommit_free_chunks: 1.
 - use_allocation_guard: 0.
 - handle_deallocations: 1.


Internal statistics:

num_allocs_failed_limit: 9.
num_arena_births: 756.
num_arena_deaths: 0.
num_vsnodes_births: 2.
num_vsnodes_deaths: 0.
num_space_committed: 985.
num_space_uncommitted: 0.
num_chunks_returned_to_freelist: 9.
num_chunks_taken_from_freelist: 3300.
num_chunk_merges: 9.
num_chunk_splits: 2145.
num_chunks_enlarged: 1404.
num_purges: 0.
num_inconsistent_stats: 0.

CodeHeap 'non-profiled nmethods': size=120000Kb used=5413Kb max_used=5413Kb free=114587Kb
 bounds [0x000001e2416b0000, 0x000001e241c00000, 0x000001e248be0000]
CodeHeap 'profiled nmethods': size=120000Kb used=18301Kb max_used=18301Kb free=101699Kb
 bounds [0x000001e239be0000, 0x000001e23add0000, 0x000001e241110000]
CodeHeap 'non-nmethods': size=5760Kb used=2369Kb max_used=2492Kb free=3390Kb
 bounds [0x000001e241110000, 0x000001e241390000, 0x000001e2416b0000]
 total_blobs=10087 nmethods=9197 adapters=801
 compilation: enabled
              stopped_count=0, restarted_count=0
 full_count=0

Compilation events (20 events):
Event: 9.614 Thread 0x000001e24d3dbab0 10630       3       jdk.internal.reflect.ClassFileAssembler::opc_athrow (12 bytes)
Event: 9.614 Thread 0x000001e24d3dbab0 nmethod 10630 0x000001e23ad9f910 code [0x000001e23ad9fac0, 0x000001e23ad9fd88]
Event: 9.615 Thread 0x000001e24d3dbab0 10631       3       java.io.ObjectStreamClass::forClass (52 bytes)
Event: 9.618 Thread 0x000001e24d3dbab0 nmethod 10631 0x000001e23ad9ff10 code [0x000001e23ada03c0, 0x000001e23ada2c68]
Event: 9.618 Thread 0x000001e24d3dbab0 10634       1       com.google.common.collect.RegularImmutableList::internalArray (5 bytes)
Event: 9.618 Thread 0x000001e24d3dbab0 nmethod 10634 0x000001e241bf7910 code [0x000001e241bf7aa0, 0x000001e241bf7b78]
Event: 9.618 Thread 0x000001e24d3dbab0 10635       1       com.google.common.collect.RegularImmutableList::internalArrayStart (2 bytes)
Event: 9.619 Thread 0x000001e24d3dbab0 nmethod 10635 0x000001e241bf7c10 code [0x000001e241bf7da0, 0x000001e241bf7e78]
Event: 9.626 Thread 0x000001e24d3dbab0 10636       3       java.lang.ProcessEnvironment$CheckedEntrySet$1::hasNext (10 bytes)
Event: 9.626 Thread 0x000001e24d3dbab0 nmethod 10636 0x000001e23ada3810 code [0x000001e23ada39c0, 0x000001e23ada3b88]
Event: 9.626 Thread 0x000001e24d3dbab0 10638       3       java.util.Collections::sort (8 bytes)
Event: 9.627 Thread 0x000001e24d3dbab0 nmethod 10638 0x000001e23ada3c90 code [0x000001e23ada3e40, 0x000001e23ada3fe8]
Event: 9.627 Thread 0x000001e24d3dbab0 10639       3       java.lang.ProcessEnvironment$CheckedEntry::getKey (5 bytes)
Event: 9.627 Thread 0x000001e24d3dbab0 nmethod 10639 0x000001e23ada4090 code [0x000001e23ada4240, 0x000001e23ada4568]
Event: 9.627 Thread 0x000001e24d3dbab0 10640       3       java.lang.ProcessEnvironment$CheckedEntry::getKey (13 bytes)
Event: 9.627 Thread 0x000001e24d3dbab0 nmethod 10640 0x000001e23ada4690 code [0x000001e23ada4840, 0x000001e23ada4b08]
Event: 9.627 Thread 0x000001e24d3dbab0 10637       3       java.lang.ProcessEnvironment$CheckedEntrySet$1::next (5 bytes)
Event: 9.627 Thread 0x000001e24d3dbab0 nmethod 10637 0x000001e23ada4c10 code [0x000001e23ada4de0, 0x000001e23ada52c8]
Event: 9.635 Thread 0x000001e24d3dbab0 10642       3       jdk.internal.misc.Unsafe::ensureClassInitialized (18 bytes)
Event: 9.635 Thread 0x000001e24d3dbab0 nmethod 10642 0x000001e23ada5490 code [0x000001e23ada5640, 0x000001e23ada5878]

GC Heap History (18 events):
Event: 0.507 GC heap before
{Heap before GC invocations=0 (full 0):
 garbage-first heap   total 262144K, used 26624K [0x00000000e0000000, 0x0000000100000000)
  region size 1024K, 23 young (23552K), 0 survivors (0K)
 Metaspace       used 3056K, committed 3200K, reserved 393216K
  class space    used 388K, committed 448K, reserved 327680K
}
Event: 0.510 GC heap after
{Heap after GC invocations=1 (full 0):
 garbage-first heap   total 262144K, used 10948K [0x00000000e0000000, 0x0000000100000000)
  region size 1024K, 3 young (3072K), 3 survivors (3072K)
 Metaspace       used 3056K, committed 3200K, reserved 393216K
  class space    used 388K, committed 448K, reserved 327680K
}
Event: 0.852 GC heap before
{Heap before GC invocations=1 (full 0):
 garbage-first heap   total 262144K, used 38596K [0x00000000e0000000, 0x0000000100000000)
  region size 1024K, 30 young (30720K), 3 survivors (3072K)
 Metaspace       used 4041K, committed 4224K, reserved 393216K
  class space    used 491K, committed 576K, reserved 327680K
}
Event: 0.855 GC heap after
{Heap after GC invocations=2 (full 0):
 garbage-first heap   total 262144K, used 11743K [0x00000000e0000000, 0x0000000100000000)
  region size 1024K, 1 young (1024K), 1 survivors (1024K)
 Metaspace       used 4041K, committed 4224K, reserved 393216K
  class space    used 491K, committed 576K, reserved 327680K
}
Event: 2.627 GC heap before
{Heap before GC invocations=2 (full 0):
 garbage-first heap   total 262144K, used 130527K [0x00000000e0000000, 0x0000000100000000)
  region size 1024K, 117 young (119808K), 1 survivors (1024K)
 Metaspace       used 21204K, committed 21504K, reserved 393216K
  class space    used 3157K, committed 3328K, reserved 327680K
}
Event: 2.635 GC heap after
{Heap after GC invocations=3 (full 0):
 garbage-first heap   total 262144K, used 22900K [0x00000000e0000000, 0x0000000100000000)
  region size 1024K, 12 young (12288K), 12 survivors (12288K)
 Metaspace       used 21204K, committed 21504K, reserved 393216K
  class space    used 3157K, committed 3328K, reserved 327680K
}
Event: 3.895 GC heap before
{Heap before GC invocations=4 (full 0):
 garbage-first heap   total 262144K, used 150900K [0x00000000e0000000, 0x0000000100000000)
  region size 1024K, 133 young (136192K), 12 survivors (12288K)
 Metaspace       used 35273K, committed 35648K, reserved 393216K
  class space    used 4943K, committed 5120K, reserved 327680K
}
Event: 3.908 GC heap after
{Heap after GC invocations=5 (full 0):
 garbage-first heap   total 262144K, used 32116K [0x00000000e0000000, 0x0000000100000000)
  region size 1024K, 10 young (10240K), 10 survivors (10240K)
 Metaspace       used 35273K, committed 35648K, reserved 393216K
  class space    used 4943K, committed 5120K, reserved 327680K
}
Event: 4.365 GC heap before
{Heap before GC invocations=5 (full 0):
 garbage-first heap   total 262144K, used 178548K [0x00000000e0000000, 0x0000000100000000)
  region size 1024K, 153 young (156672K), 10 survivors (10240K)
 Metaspace       used 35454K, committed 35840K, reserved 393216K
  class space    used 4943K, committed 5120K, reserved 327680K
}
Event: 4.379 GC heap after
{Heap after GC invocations=6 (full 0):
 garbage-first heap   total 262144K, used 40276K [0x00000000e0000000, 0x0000000100000000)
  region size 1024K, 18 young (18432K), 18 survivors (18432K)
 Metaspace       used 35454K, committed 35840K, reserved 393216K
  class space    used 4943K, committed 5120K, reserved 327680K
}
Event: 4.696 GC heap before
{Heap before GC invocations=6 (full 0):
 garbage-first heap   total 262144K, used 137556K [0x00000000e0000000, 0x0000000100000000)
  region size 1024K, 113 young (115712K), 18 survivors (18432K)
 Metaspace       used 35773K, committed 36096K, reserved 393216K
  class space    used 4980K, committed 5120K, reserved 327680K
}
Event: 4.712 GC heap after
{Heap after GC invocations=7 (full 0):
 garbage-first heap   total 262144K, used 46249K [0x00000000e0000000, 0x0000000100000000)
  region size 1024K, 14 young (14336K), 14 survivors (14336K)
 Metaspace       used 35773K, committed 36096K, reserved 393216K
  class space    used 4980K, committed 5120K, reserved 327680K
}
Event: 6.742 GC heap before
{Heap before GC invocations=8 (full 0):
 garbage-first heap   total 262144K, used 189609K [0x00000000e0000000, 0x0000000100000000)
  region size 1024K, 153 young (156672K), 14 survivors (14336K)
 Metaspace       used 48876K, committed 49472K, reserved 393216K
  class space    used 6761K, committed 7040K, reserved 327680K
}
Event: 6.755 GC heap after
{Heap after GC invocations=9 (full 0):
 garbage-first heap   total 262144K, used 53248K [0x00000000e0000000, 0x0000000100000000)
  region size 1024K, 13 young (13312K), 13 survivors (13312K)
 Metaspace       used 48876K, committed 49472K, reserved 393216K
  class space    used 6761K, committed 7040K, reserved 327680K
}
Event: 8.177 GC heap before
{Heap before GC invocations=9 (full 0):
 garbage-first heap   total 262144K, used 195584K [0x00000000e0000000, 0x0000000100000000)
  region size 1024K, 153 young (156672K), 13 survivors (13312K)
 Metaspace       used 58332K, committed 59008K, reserved 393216K
  class space    used 8244K, committed 8576K, reserved 327680K
}
Event: 8.194 GC heap after
{Heap after GC invocations=10 (full 0):
 garbage-first heap   total 262144K, used 66455K [0x00000000e0000000, 0x0000000100000000)
  region size 1024K, 20 young (20480K), 20 survivors (20480K)
 Metaspace       used 58332K, committed 59008K, reserved 393216K
  class space    used 8244K, committed 8576K, reserved 327680K
}
Event: 8.762 GC heap before
{Heap before GC invocations=10 (full 0):
 garbage-first heap   total 262144K, used 123799K [0x00000000e0000000, 0x0000000100000000)
  region size 1024K, 78 young (79872K), 20 survivors (20480K)
 Metaspace       used 59783K, committed 60416K, reserved 393216K
  class space    used 8336K, committed 8640K, reserved 327680K
}
Event: 8.777 GC heap after
{Heap after GC invocations=11 (full 0):
 garbage-first heap   total 262144K, used 71532K [0x00000000e0000000, 0x0000000100000000)
  region size 1024K, 5 young (5120K), 5 survivors (5120K)
 Metaspace       used 59783K, committed 60416K, reserved 393216K
  class space    used 8336K, committed 8640K, reserved 327680K
}

Deoptimization events (20 events):
Event: 9.556 Thread 0x000001e26c47aa30 DEOPT PACKING pc=0x000001e23a73c4d9 sp=0x0000004b29cfdac0
Event: 9.556 Thread 0x000001e26c47aa30 DEOPT UNPACKING pc=0x000001e241162b43 sp=0x0000004b29cfcfb8 mode 0
Event: 9.557 Thread 0x000001e26c47aa30 DEOPT PACKING pc=0x000001e23a73c4d9 sp=0x0000004b29cfdac0
Event: 9.557 Thread 0x000001e26c47aa30 DEOPT UNPACKING pc=0x000001e241162b43 sp=0x0000004b29cfcfb8 mode 0
Event: 9.559 Thread 0x000001e26c47aa30 DEOPT PACKING pc=0x000001e23a73c4d9 sp=0x0000004b29cfdac0
Event: 9.559 Thread 0x000001e26c47aa30 DEOPT UNPACKING pc=0x000001e241162b43 sp=0x0000004b29cfcfb8 mode 0
Event: 9.560 Thread 0x000001e26c47aa30 DEOPT PACKING pc=0x000001e23a73c4d9 sp=0x0000004b29cfd9f0
Event: 9.560 Thread 0x000001e26c47aa30 DEOPT UNPACKING pc=0x000001e241162b43 sp=0x0000004b29cfcee8 mode 0
Event: 9.561 Thread 0x000001e26c47aa30 DEOPT PACKING pc=0x000001e23a73c4d9 sp=0x0000004b29cfd9e0
Event: 9.561 Thread 0x000001e26c47aa30 DEOPT UNPACKING pc=0x000001e241162b43 sp=0x0000004b29cfced8 mode 0
Event: 9.562 Thread 0x000001e26c47aa30 DEOPT PACKING pc=0x000001e23a73c4d9 sp=0x0000004b29cfdc20
Event: 9.562 Thread 0x000001e26c47aa30 DEOPT UNPACKING pc=0x000001e241162b43 sp=0x0000004b29cfd118 mode 0
Event: 9.566 Thread 0x000001e26c47aa30 DEOPT PACKING pc=0x000001e23a73c4d9 sp=0x0000004b29cfdc20
Event: 9.566 Thread 0x000001e26c47aa30 DEOPT UNPACKING pc=0x000001e241162b43 sp=0x0000004b29cfd118 mode 0
Event: 9.569 Thread 0x000001e26c47aa30 DEOPT PACKING pc=0x000001e23a73c4d9 sp=0x0000004b29cfdc20
Event: 9.569 Thread 0x000001e26c47aa30 DEOPT UNPACKING pc=0x000001e241162b43 sp=0x0000004b29cfd118 mode 0
Event: 9.572 Thread 0x000001e26c47aa30 DEOPT PACKING pc=0x000001e23a73c4d9 sp=0x0000004b29cfdc20
Event: 9.572 Thread 0x000001e26c47aa30 DEOPT UNPACKING pc=0x000001e241162b43 sp=0x0000004b29cfd118 mode 0
Event: 9.575 Thread 0x000001e26c47aa30 DEOPT PACKING pc=0x000001e23a73c4d9 sp=0x0000004b29cfdc20
Event: 9.575 Thread 0x000001e26c47aa30 DEOPT UNPACKING pc=0x000001e241162b43 sp=0x0000004b29cfd118 mode 0

Classes unloaded (0 events):
No events

Classes redefined (0 events):
No events

Internal exceptions (20 events):
Event: 9.286 Thread 0x000001e26aca6500 Exception <a 'java/lang/ClassNotFoundException'{0x00000000ecb35d08}: java/security/SecureClassLoaderCustomizer> (0x00000000ecb35d08) 
thrown [s\open\src\hotspot\share\classfile\systemDictionary.cpp, line 256]
Event: 9.286 Thread 0x000001e26aca6500 Exception <a 'java/lang/ClassNotFoundException'{0x00000000ecb3e078}: java/net/URLClassLoaderCustomizer> (0x00000000ecb3e078) 
thrown [s\open\src\hotspot\share\classfile\systemDictionary.cpp, line 256]
Event: 9.287 Thread 0x000001e26aca6500 Exception <a 'java/lang/ClassNotFoundException'{0x00000000ecb50e48}: org/gradle/internal/classloader/VisitableURLClassLoaderCustomizer> (0x00000000ecb50e48) 
thrown [s\open\src\hotspot\share\classfile\systemDictionary.cpp, line 256]
Event: 9.461 Thread 0x000001e26aca6500 Implicit null exception at 0x000001e24185fb00 to 0x000001e24186023c
Event: 9.513 Thread 0x000001e26aca6500 Exception <a 'java/lang/ClassNotFoundException'{0x00000000ebe57a18}: groovy/runtime/metaclass/[Ljava/lang/Object;MetaClass> (0x00000000ebe57a18) 
thrown [s\open\src\hotspot\share\prims\jni.cpp, line 535]
Event: 9.513 Thread 0x000001e26aca6500 Exception <a 'java/lang/ClassNotFoundException'{0x00000000ebe5de10}: [Ljava/lang/Object;BeanInfo> (0x00000000ebe5de10) 
thrown [s\open\src\hotspot\share\prims\jni.cpp, line 535]
Event: 9.513 Thread 0x000001e26aca6500 Exception <a 'java/lang/ClassNotFoundException'{0x00000000ebe5f118}: [Ljava/lang/Object;BeanInfo> (0x00000000ebe5f118) 
thrown [s\open\src\hotspot\share\prims\jni.cpp, line 535]
Event: 9.513 Thread 0x000001e26aca6500 Exception <a 'java/lang/ClassNotFoundException'{0x00000000ebe604e0}: [Ljava/lang/Object;Customizer> (0x00000000ebe604e0) 
thrown [s\open\src\hotspot\share\prims\jni.cpp, line 535]
Event: 9.513 Thread 0x000001e26aca6500 Exception <a 'java/lang/ClassNotFoundException'{0x00000000ebe617e8}: [Ljava/lang/Object;Customizer> (0x00000000ebe617e8) 
thrown [s\open\src\hotspot\share\prims\jni.cpp, line 535]
Event: 9.517 Thread 0x000001e26aca6500 Exception <a 'java/lang/ClassNotFoundException'{0x00000000ebe96748}: org/gradle/api/internal/tasks/testing/DecoratingTestDescriptorBeanInfo> (0x00000000ebe96748) 
thrown [s\open\src\hotspot\share\classfile\systemDictionary.cpp, line 256]
Event: 9.517 Thread 0x000001e26aca6500 Exception <a 'java/lang/ClassNotFoundException'{0x00000000ebea76c8}: org/gradle/api/internal/tasks/testing/DecoratingTestDescriptorCustomizer> (0x00000000ebea76c8) 
thrown [s\open\src\hotspot\share\classfile\systemDictionary.cpp, line 256]
Event: 9.606 Thread 0x000001e26c47aa30 Exception <a 'java/lang/NoSuchMethodError'{0x00000000eba31810}: static Ljava/lang/Object;.<clinit>()V> (0x00000000eba31810) 
thrown [s\open\src\hotspot\share\prims\jni.cpp, line 1107]
Event: 9.607 Thread 0x000001e26c47aa30 Exception <a 'java/lang/NoSuchMethodError'{0x00000000eba3dc88}: static Lorg/gradle/api/internal/tasks/testing/junitplatform/JUnitPlatformTestClassProcessorFactory;.<clinit>()V> (0x00000000eba3dc88) 
thrown [s\open\src\hotspot\share\prims\jni.cpp, line 1107]
Event: 9.607 Thread 0x000001e26c47aa30 Exception <a 'java/lang/NoSuchMethodError'{0x00000000eba48d38}: static Lorg/gradle/api/internal/tasks/testing/junitplatform/JUnitPlatformSpec;.<clinit>()V> (0x00000000eba48d38) 
thrown [s\open\src\hotspot\share\prims\jni.cpp, line 1107]
Event: 9.609 Thread 0x000001e26c47aa30 Exception <a 'java/lang/NoSuchMethodError'{0x00000000eba568a8}: static Lorg/gradle/api/internal/tasks/testing/filter/TestFilterSpec;.<clinit>()V> (0x00000000eba568a8) 
thrown [s\open\src\hotspot\share\prims\jni.cpp, line 1107]
Event: 9.610 Thread 0x000001e26c47aa30 Exception <a 'java/lang/NoSuchMethodError'{0x00000000eba654b8}: static [Ljava/lang/Object;.<clinit>()V> (0x00000000eba654b8) 
thrown [s\open\src\hotspot\share\prims\jni.cpp, line 1107]
Event: 9.634 Thread 0x000001e26c47b8a0 Exception <a 'java/lang/NoSuchMethodError'{0x00000000eb90b398}: 'void java.lang.invoke.DirectMethodHandle$Holder.invokeStatic(java.lang.Object, long)'> (0x00000000eb90b398) 
thrown [s\open\src\hotspot\share\interpreter\linkResolver.cpp, line 759]
Event: 9.635 Thread 0x000001e26c47b8a0 Exception <a 'java/lang/NoSuchMethodError'{0x00000000eb910700}: 'java.lang.Object java.lang.invoke.DirectMethodHandle$Holder.newInvokeSpecial(java.lang.Object, long)'> (0x00000000eb910700) 
thrown [s\open\src\hotspot\share\interpreter\linkResolver.cpp, line 759]
Event: 9.636 Thread 0x000001e26c47b8a0 Exception <a 'java/lang/NoSuchMethodError'{0x00000000eb919f98}: 'java.lang.Object java.lang.invoke.DirectMethodHandle$Holder.invokeStatic(java.lang.Object, java.lang.Object, long, java.lang.Object)'> (0x00000000eb919f98) 
thrown [s\open\src\hotspot\share\interpreter\linkResolver.cpp, line 759]
Event: 9.637 Thread 0x000001e26c47b8a0 Exception <a 'java/lang/NoSuchMethodError'{0x00000000eb91d770}: 'java.lang.Object java.lang.invoke.DirectMethodHandle$Holder.invokeStaticInit(java.lang.Object, java.lang.Object, long, java.lang.Object)'> (0x00000000eb91d770) 
thrown [s\open\src\hotspot\share\interpreter\linkResolver.cpp, line 759]

VM Operations (20 events):
Event: 8.565 Executing VM operation: HandshakeAllThreads
Event: 8.565 Executing VM operation: HandshakeAllThreads done
Event: 8.605 Executing VM operation: ICBufferFull
Event: 8.605 Executing VM operation: ICBufferFull done
Event: 8.640 Executing VM operation: HandshakeAllThreads
Event: 8.640 Executing VM operation: HandshakeAllThreads done
Event: 8.762 Executing VM operation: CollectForMetadataAllocation
Event: 8.778 Executing VM operation: CollectForMetadataAllocation done
Event: 8.841 Executing VM operation: G1Concurrent
Event: 8.846 Executing VM operation: G1Concurrent done
Event: 8.878 Executing VM operation: G1Concurrent
Event: 8.878 Executing VM operation: G1Concurrent done
Event: 9.095 Executing VM operation: ICBufferFull
Event: 9.095 Executing VM operation: ICBufferFull done
Event: 9.177 Executing VM operation: ICBufferFull
Event: 9.177 Executing VM operation: ICBufferFull done
Event: 9.427 Executing VM operation: ICBufferFull
Event: 9.427 Executing VM operation: ICBufferFull done
Event: 9.638 Executing VM operation: HandshakeAllThreads
Event: 9.639 Executing VM operation: HandshakeAllThreads done

Events (20 events):
Event: 9.610 loading class java/io/ObjectStreamClass$ExceptionInfo done
Event: 9.620 loading class java/util/stream/ReduceOps$2
Event: 9.620 loading class java/util/stream/ReduceOps$2 done
Event: 9.620 loading class java/util/stream/ReduceOps$2ReducingSink
Event: 9.620 loading class java/util/stream/ReduceOps$2ReducingSink done
Event: 9.625 Thread 0x000001e26c47b8a0 Thread added: 0x000001e26c47b8a0
Event: 9.626 loading class java/lang/ProcessImpl
Event: 9.626 loading class java/lang/ProcessImpl done
Event: 9.635 loading class java/lang/ProcessHandleImpl
Event: 9.636 loading class java/lang/ProcessHandleImpl done
Event: 9.637 loading class java/lang/ProcessImpl$2
Event: 9.637 loading class java/lang/ProcessImpl$2 done
Event: 9.637 loading class java/lang/Process$PipeInputStream
Event: 9.637 loading class java/lang/Process$PipeInputStream done
Event: 9.639 loading class jdk/internal/event/ProcessStartEvent
Event: 9.639 loading class jdk/internal/event/ProcessStartEvent done
Event: 9.640 Thread 0x000001e26c478880 Thread added: 0x000001e26c478880
Event: 9.641 Thread 0x000001e26c47e8c0 Thread added: 0x000001e26c47e8c0
Event: 9.641 Thread 0x000001e26c47d580 Thread added: 0x000001e26c47d580
Event: 9.641 Thread 0x000001e26c47bd70 Thread added: 0x000001e26c47bd70


Dynamic libraries:
0x00007ff766c80000 - 0x00007ff766c90000 	C:\Program Files\Java\jdk-17\bin\java.exe
0x00007ffaad010000 - 0x00007ffaad224000 	C:\WINDOWS\SYSTEM32\ntdll.dll
0x00007ffa75610000 - 0x00007ffa75629000 	C:\Program Files\Avast Software\Avast\aswhook.dll
0x00007ffaac3d0000 - 0x00007ffaac494000 	C:\WINDOWS\System32\KERNEL32.DLL
0x00007ffaaa5d0000 - 0x00007ffaaa974000 	C:\WINDOWS\System32\KERNELBASE.dll
0x00007ffaaa4b0000 - 0x00007ffaaa5c1000 	C:\WINDOWS\System32\ucrtbase.dll
0x00007ffa87810000 - 0x00007ffa87829000 	C:\Program Files\Java\jdk-17\bin\jli.dll
0x00007ffa877f0000 - 0x00007ffa8780b000 	C:\Program Files\Java\jdk-17\bin\VCRUNTIME140.dll
0x00007ffaabb00000 - 0x00007ffaabbb0000 	C:\WINDOWS\System32\ADVAPI32.dll
0x00007ffaac720000 - 0x00007ffaac7c7000 	C:\WINDOWS\System32\msvcrt.dll
0x00007ffaac9a0000 - 0x00007ffaaca46000 	C:\WINDOWS\System32\sechost.dll
0x00007ffaab7e0000 - 0x00007ffaab8f7000 	C:\WINDOWS\System32\RPCRT4.dll
0x00007ffaab4e0000 - 0x00007ffaab68a000 	C:\WINDOWS\System32\USER32.dll
0x00007ffa992a0000 - 0x00007ffa9952f000 	C:\WINDOWS\WinSxS\amd64_microsoft.windows.common-controls_6595b64144ccf1df_6.0.22621.2070_none_2713e6537381f706\COMCTL32.dll
0x00007ffaaab60000 - 0x00007ffaaab86000 	C:\WINDOWS\System32\win32u.dll
0x00007ffaaadd0000 - 0x00007ffaaadf9000 	C:\WINDOWS\System32\GDI32.dll
0x00007ffaaac10000 - 0x00007ffaaad29000 	C:\WINDOWS\System32\gdi32full.dll
0x00007ffaaad30000 - 0x00007ffaaadca000 	C:\WINDOWS\System32\msvcp_win.dll
0x00007ffaa2200000 - 0x00007ffaa220a000 	C:\WINDOWS\SYSTEM32\VERSION.dll
0x00007ffaaaff0000 - 0x00007ffaab021000 	C:\WINDOWS\System32\IMM32.DLL
0x00007ffa959b0000 - 0x00007ffa959bc000 	C:\Program Files\Java\jdk-17\bin\vcruntime140_1.dll
0x00007ffa79bd0000 - 0x00007ffa79c5e000 	C:\Program Files\Java\jdk-17\bin\msvcp140.dll
0x00007ffa36f80000 - 0x00007ffa37b5e000 	C:\Program Files\Java\jdk-17\bin\server\jvm.dll
0x00007ffaaae20000 - 0x00007ffaaae28000 	C:\WINDOWS\System32\PSAPI.DLL
0x00007ffa95230000 - 0x00007ffa95239000 	C:\WINDOWS\SYSTEM32\WSOCK32.dll
0x00007ffaa1f00000 - 0x00007ffaa1f34000 	C:\WINDOWS\SYSTEM32\WINMM.dll
0x00007ffaaca50000 - 0x00007ffaacac1000 	C:\WINDOWS\System32\WS2_32.dll
0x00007ffaa9430000 - 0x00007ffaa9448000 	C:\WINDOWS\SYSTEM32\kernel.appcore.dll
0x00007ffa94f00000 - 0x00007ffa94f0a000 	C:\Program Files\Java\jdk-17\bin\jimage.dll
0x00007ffa9b370000 - 0x00007ffa9b59e000 	C:\WINDOWS\SYSTEM32\DBGHELP.DLL
0x00007ffaab130000 - 0x00007ffaab4ba000 	C:\WINDOWS\System32\combase.dll
0x00007ffaab690000 - 0x00007ffaab767000 	C:\WINDOWS\System32\OLEAUT32.dll
0x00007ffa9b330000 - 0x00007ffa9b362000 	C:\WINDOWS\SYSTEM32\dbgcore.DLL
0x00007ffaaab90000 - 0x00007ffaaac0a000 	C:\WINDOWS\System32\bcryptPrimitives.dll
0x00007ffaa2740000 - 0x00007ffaa274e000 	C:\Program Files\Java\jdk-17\bin\instrument.dll
0x00007ffa7fd30000 - 0x00007ffa7fd55000 	C:\Program Files\Java\jdk-17\bin\java.dll
0x00007ffa71410000 - 0x00007ffa714e7000 	C:\Program Files\Java\jdk-17\bin\jsvml.dll
0x00007ffaabbb0000 - 0x00007ffaac3c6000 	C:\WINDOWS\System32\SHELL32.dll
0x00007ffaa83c0000 - 0x00007ffaa8caa000 	C:\WINDOWS\SYSTEM32\windows.storage.dll
0x00007ffaa8280000 - 0x00007ffaa83be000 	C:\WINDOWS\SYSTEM32\wintypes.dll
0x00007ffaac7d0000 - 0x00007ffaac8c3000 	C:\WINDOWS\System32\SHCORE.dll
0x00007ffaabaa0000 - 0x00007ffaabafe000 	C:\WINDOWS\System32\shlwapi.dll
0x00007ffaaa320000 - 0x00007ffaaa346000 	C:\WINDOWS\SYSTEM32\profapi.dll
0x00007ffa7f600000 - 0x00007ffa7f618000 	C:\Program Files\Java\jdk-17\bin\zip.dll
0x00007ffa80480000 - 0x00007ffa80499000 	C:\Program Files\Java\jdk-17\bin\net.dll
0x00007ffaa0f30000 - 0x00007ffaa1067000 	C:\WINDOWS\SYSTEM32\WINHTTP.dll
0x00007ffaa9920000 - 0x00007ffaa9989000 	C:\WINDOWS\system32\mswsock.dll
0x00007ffa7fc60000 - 0x00007ffa7fc76000 	C:\Program Files\Java\jdk-17\bin\nio.dll
0x00007ffa94d70000 - 0x00007ffa94d80000 	C:\Program Files\Java\jdk-17\bin\verify.dll
0x00007ffa88e90000 - 0x00007ffa88eb7000 	C:\Users\Acer Nitro 5\.gradle\native\68d5fa5c4cc2d200863cafc0d521ce42e7d3e7ee720ec0a83991735586a16f82\windows-amd64\native-platform.dll
0x00007ffa81430000 - 0x00007ffa81574000 	C:\Users\Acer Nitro 5\.gradle\native\e376f236ea51e6404a007f0833ffe2c6e607c4080706a723a18a27aeea778392\windows-amd64\native-platform-file-events.dll
0x00007ffa94270000 - 0x00007ffa9427a000 	C:\Program Files\Java\jdk-17\bin\management.dll
0x00007ffa935b0000 - 0x00007ffa935bb000 	C:\Program Files\Java\jdk-17\bin\management_ext.dll
0x00007ffaa9bf0000 - 0x00007ffaa9c0b000 	C:\WINDOWS\SYSTEM32\CRYPTSP.dll
0x00007ffaa93a0000 - 0x00007ffaa93d5000 	C:\WINDOWS\system32\rsaenh.dll
0x00007ffaa9a90000 - 0x00007ffaa9abc000 	C:\WINDOWS\SYSTEM32\USERENV.dll
0x00007ffaa9d90000 - 0x00007ffaa9db8000 	C:\WINDOWS\SYSTEM32\bcrypt.dll
0x00007ffaa9c10000 - 0x00007ffaa9c1c000 	C:\WINDOWS\SYSTEM32\CRYPTBASE.dll
0x00007ffaa8f10000 - 0x00007ffaa8f3d000 	C:\WINDOWS\SYSTEM32\IPHLPAPI.DLL
0x00007ffaac930000 - 0x00007ffaac939000 	C:\WINDOWS\System32\NSI.dll
0x00007ffaa0e50000 - 0x00007ffaa0e69000 	C:\WINDOWS\SYSTEM32\dhcpcsvc6.DLL
0x00007ffaa0de0000 - 0x00007ffaa0dff000 	C:\WINDOWS\SYSTEM32\dhcpcsvc.DLL
0x00007ffaa8f80000 - 0x00007ffaa9073000 	C:\WINDOWS\SYSTEM32\DNSAPI.dll
0x00007ffa93450000 - 0x00007ffa9345e000 	C:\Program Files\Java\jdk-17\bin\sunmscapi.dll
0x00007ffaaa9f0000 - 0x00007ffaaab57000 	C:\WINDOWS\System32\CRYPT32.dll
0x00007ffaa9d60000 - 0x00007ffaa9d8e000 	C:\WINDOWS\SYSTEM32\ncrypt.dll
0x00007ffaa9d20000 - 0x00007ffaa9d57000 	C:\WINDOWS\SYSTEM32\NTASN1.dll
0x00007ffa946f0000 - 0x00007ffa946f8000 	C:\WINDOWS\system32\wshunix.dll

dbghelp: loaded successfully - version: 4.0.5 - missing functions: none
symbol engine: initialized successfully - sym options: 0x614 - pdb path: .;C:\Program Files\Java\jdk-17\bin;C:\WINDOWS\SYSTEM32;C:\Program Files\Avast Software\Avast;C:\WINDOWS\WinSxS\amd64_microsoft.windows.common-controls_6595b64144ccf1df_6.0.22621.2070_none_2713e6537381f706;C:\Program Files\Java\jdk-17\bin\server;C:\Users\Acer Nitro 5\.gradle\native\68d5fa5c4cc2d200863cafc0d521ce42e7d3e7ee720ec0a83991735586a16f82\windows-amd64;C:\Users\Acer Nitro 5\.gradle\native\e376f236ea51e6404a007f0833ffe2c6e607c4080706a723a18a27aeea778392\windows-amd64

VM Arguments:
jvm_args: --add-opens=java.base/java.util.concurrent.atomic=ALL-UNNAMED -XX:MaxMetaspaceSize=384m -XX:+HeapDumpOnOutOfMemoryError --add-opens=java.base/java.util=ALL-UNNAMED --add-opens=java.base/java.lang=ALL-UNNAMED --add-opens=java.base/java.lang.invoke=ALL-UNNAMED --add-opens=java.prefs/java.util.prefs=ALL-UNNAMED --add-opens=java.base/java.nio.charset=ALL-UNNAMED --add-opens=java.base/java.net=ALL-UNNAMED --add-opens=java.base/java.util.concurrent.atomic=ALL-UNNAMED -Xms256m -Xmx512m -Dfile.encoding=windows-1251 -Duser.country=RU -Duser.language=ru -Duser.variant -javaagent:C:\Users\Acer Nitro 5\.gradle\wrapper\dists\gradle-8.2.1-bin\5hap6b9n41hkg4jeh2au2pllh\gradle-8.2.1\lib\agents\gradle-instrumentation-agent-8.2.1.jar 
java_command: org.gradle.launcher.daemon.bootstrap.GradleDaemon 8.2.1
java_class_path (initial): C:\Users\Acer Nitro 5\.gradle\wrapper\dists\gradle-8.2.1-bin\5hap6b9n41hkg4jeh2au2pllh\gradle-8.2.1\lib\gradle-launcher-8.2.1.jar
Launcher Type: SUN_STANDARD

[Global flags]
     intx CICompilerCount                          = 4                                         {product} {ergonomic}
   size_t CompressedClassSpaceSize                 = 335544320                                 {product} {ergonomic}
     uint ConcGCThreads                            = 2                                         {product} {ergonomic}
     uint G1ConcRefinementThreads                  = 8                                         {product} {ergonomic}
   size_t G1HeapRegionSize                         = 1048576                                   {product} {ergonomic}
    uintx GCDrainStackTargetSize                   = 64                                        {product} {ergonomic}
     bool HeapDumpOnOutOfMemoryError               = true                                   {manageable} {command line}
   size_t InitialHeapSize                          = 268435456                                 {product} {command line}
   size_t MarkStackSize                            = 4194304                                   {product} {ergonomic}
   size_t MaxHeapSize                              = 536870912                                 {product} {command line}
   size_t MaxMetaspaceSize                         = 402653184                                 {product} {command line}
   size_t MaxNewSize                               = 321912832                                 {product} {ergonomic}
   size_t MinHeapDeltaBytes                        = 1048576                                   {product} {ergonomic}
   size_t MinHeapSize                              = 268435456                                 {product} {command line}
    uintx NonNMethodCodeHeapSize                   = 5839372                                {pd product} {ergonomic}
    uintx NonProfiledCodeHeapSize                  = 122909434                              {pd product} {ergonomic}
    uintx ProfiledCodeHeapSize                     = 122909434                              {pd product} {ergonomic}
    uintx ReservedCodeCacheSize                    = 251658240                              {pd product} {ergonomic}
     bool SegmentedCodeCache                       = true                                      {product} {ergonomic}
   size_t SoftMaxHeapSize                          = 536870912                              {manageable} {ergonomic}
     bool UseCompressedClassPointers               = true                           {product lp64_product} {ergonomic}
     bool UseCompressedOops                        = true                           {product lp64_product} {ergonomic}
     bool UseG1GC                                  = true                                      {product} {ergonomic}
     bool UseLargePagesIndividualAllocation        = false                                  {pd product} {ergonomic}

Logging:
Log output configuration:
 #0: stdout all=warning uptime,level,tags
 #1: stderr all=off uptime,level,tags

Environment Variables:
JAVA_HOME=C:\Users\Acer Nitro 5\.jdks\openjdk-14.0.1
PATH=C:\Program Files\Common Files\Oracle\Java\javapath;C:\Program Files (x86)\Common Files\Oracle\Java\javapath;C:\Program Files\Microsoft MPI\Bin\;C:\WINDOWS\system32;C:\WINDOWS;C:\WINDOWS\System32\Wbem;C:\WINDOWS\System32\WindowsPowerShell\v1.0\;C:\WINDOWS\System32\OpenSSH\;C:\Program Files\Microsoft SQL Server\Client SDK\ODBC\130\Tools\Binn\;C:\Program Files (x86)\Brackets\command;C:\Program Files\Git\cmd;C:\Users\Acer Nitro 5\.jdks\openjdk-14.0.1\bin;C:\Program Files\Microsoft SQL Server\150\Tools\Binn\;C:\Program Files\apache-maven-3.9.2\bin;C:\Users\Acer Nitro 5\AppData\Local\Microsoft\WindowsApps;C:\Users\Acer Nitro 5\Downloads\apache-maven-3.6.3\bin;;C:\Program Files\JetBrains\IntelliJ IDEA Community Edition 2022.3\bin;
USERNAME=Acer Nitro 5
OS=Windows_NT
PROCESSOR_IDENTIFIER=Intel64 Family 6 Model 158 Stepping 10, GenuineIntel



---------------  S Y S T E M  ---------------

OS:
 Windows 11 , 64 bit Build 22621 (10.0.22621.2070)
OS uptime: 31 days 6:04 hours

CPU: total 8 (initial active 8) (4 cores per cpu, 2 threads per core) family 6 model 158 stepping 10 microcode 0xde, cx8, cmov, fxsr, ht, mmx, 3dnowpref, sse, sse2, sse3, ssse3, sse4.1, sse4.2, popcnt, lzcnt, tsc, tscinvbit, avx, avx2, aes, erms, clmul, bmi1, bmi2, adx, fma, vzeroupper, clflush, clflushopt

Memory: 4k page, system-wide physical 16226M (3228M free)
TotalPageFile size 19176M (AvailPageFile size 9M)
current process WorkingSet (physical memory assigned to process): 489M, peak: 492M
current process commit charge ("private bytes"): 552M, peak: 555M

vm_info: Java HotSpot(TM) 64-Bit Server VM (17.0.8+9-LTS-211) for windows-amd64 JRE (17.0.8+9-LTS-211), built on Jun 14 2023 10:34:31 by "mach5one" with MS VC++ 17.1 (VS2022)

END.
